[0.005s] Invoking command in '/home/jay/ros2_ws/build/my_cpp_pkg': CMAKE_PREFIX_PATH=${CMAKE_PREFIX_PATH}:/home/jay/ros2_ws/install/my_py_pkg:/opt/ros/humble /usr/bin/cmake --build /home/jay/ros2_ws/build/my_cpp_pkg -- -j24 -l24
[0.028s] [35m[1mConsolidate compiler generated dependencies of target add_two_ints_client[0m
[0.035s] [ 33%] Built target robot_news_station
[0.035s] [ 33%] Built target cpp_node
[0.035s] [ 50%] Built target smartphone
[0.035s] [ 66%] Built target add_two_ints_server
[0.036s] [ 83%] Built target add_two_ints_client_no_oop
[0.037s] [ 91%] [32mBuilding CXX object CMakeFiles/add_two_ints_client.dir/src/add_two_ints_client.cpp.o[0m
[1.038s] [01m[K/home/jay/ros2_ws/src/my_cpp_pkg/src/add_two_ints_client.cpp:32:9:[m[K [01;31m[Kerror: [m[Kexpected unqualified-id before ‘[01m[Kcatch[m[K’
[1.038s]    32 |         [01;31m[Kcatch[m[K (const std::exception &e)
[1.038s]       |         [01;31m[K^~~~~[m[K
[1.039s] [01m[K/home/jay/ros2_ws/src/my_cpp_pkg/src/add_two_ints_client.cpp:36:6:[m[K [01;31m[Kerror: [m[Kexpected ‘[01m[K;[m[K’ after class definition
[1.039s]    36 |     }
[1.039s]       |      [01;31m[K^[m[K
[1.039s]       |      [32m[K;[m[K
[1.042s] [01m[K/home/jay/ros2_ws/src/my_cpp_pkg/src/add_two_ints_client.cpp:[m[K In constructor ‘[01m[KAddTwoIntsClientNode::AddTwoIntsClientNode()[m[K’:
[1.042s] [01m[K/home/jay/ros2_ws/src/my_cpp_pkg/src/add_two_ints_client.cpp:9:9:[m[K [01;31m[Kerror: [m[K‘[01m[Kthread1_[m[K’ was not declared in this scope; did you mean ‘[01m[Kpthread_t[m[K’?
[1.042s]     9 |         [01;31m[Kthread1_[m[K = std::thread(std::bind(&AddTwoIntsClientNode::callAddTwoIntsService, this, 1, 4));
[1.042s]       |         [01;31m[K^~~~~~~~[m[K
[1.042s]       |         [32m[Kpthread_t[m[K
[1.069s] In file included from [01m[K/opt/ros/humble/include/rclcpp/rclcpp/logging.hpp:24[m[K,
[1.069s]                  from [01m[K/opt/ros/humble/include/rclcpp/rclcpp/client.hpp:40[m[K,
[1.069s]                  from [01m[K/opt/ros/humble/include/rclcpp/rclcpp/callback_group.hpp:24[m[K,
[1.069s]                  from [01m[K/opt/ros/humble/include/rclcpp/rclcpp/any_executable.hpp:20[m[K,
[1.069s]                  from [01m[K/opt/ros/humble/include/rclcpp/rclcpp/memory_strategy.hpp:25[m[K,
[1.069s]                  from [01m[K/opt/ros/humble/include/rclcpp/rclcpp/memory_strategies.hpp:18[m[K,
[1.069s]                  from [01m[K/opt/ros/humble/include/rclcpp/rclcpp/executor_options.hpp:20[m[K,
[1.069s]                  from [01m[K/opt/ros/humble/include/rclcpp/rclcpp/executor.hpp:37[m[K,
[1.069s]                  from [01m[K/opt/ros/humble/include/rclcpp/rclcpp/executors/multi_threaded_executor.hpp:25[m[K,
[1.069s]                  from [01m[K/opt/ros/humble/include/rclcpp/rclcpp/executors.hpp:21[m[K,
[1.069s]                  from [01m[K/opt/ros/humble/include/rclcpp/rclcpp/rclcpp.hpp:155[m[K,
[1.069s]                  from [01m[K/home/jay/ros2_ws/src/my_cpp_pkg/src/add_two_ints_client.cpp:1[m[K:
[1.069s] [01m[K/home/jay/ros2_ws/src/my_cpp_pkg/src/add_two_ints_client.cpp:[m[K In member function ‘[01m[Kvoid AddTwoIntsClientNode::callAddTwoIntsService(int, int)[m[K’:
[1.069s] [01m[K/home/jay/ros2_ws/src/my_cpp_pkg/src/add_two_ints_client.cpp:29:45:[m[K [01;35m[Kwarning: [m[Kformat ‘[01m[K%d[m[K’ expects argument of type ‘[01m[Kint[m[K’, but argument 7 has type ‘[01m[Kexample_interfaces::srv::AddTwoInts_Response_<std::allocator<void> >::_sum_type[m[K’ {aka ‘[01m[Klong int[m[K’} [[01;35m[K]8;;https://gcc.gnu.org/onlinedocs/gcc/Warning-Options.html#index-Wformat=-Wformat=]8;;[m[K]
[1.069s]    29 |             RCLCPP_INFO(this->get_logger(), [01;35m[K"%d + %d = %d"[m[K, a, b, [32m[Kresponse->sum[m[K);
[1.069s]       |                                             [01;35m[K^~~~~~~~~~~~~~[m[K        [32m[K~~~~~~~~~~~~~[m[K
[1.069s]       |                                                                             [32m[K|[m[K
[1.069s]       |                                                                             [32m[Kexample_interfaces::srv::AddTwoInts_Response_<std::allocator<void> >::_sum_type {aka long int}[m[K
[1.070s] [01m[K/home/jay/ros2_ws/src/my_cpp_pkg/src/add_two_ints_client.cpp:29:57:[m[K [01;36m[Knote: [m[Kformat string is defined here
[1.070s]    29 |             RCLCPP_INFO(this->get_logger(), "%d + %d = [01;36m[K%d[m[K", a, b, response->sum);
[1.070s]       |                                                        [01;36m[K~^[m[K
[1.070s]       |                                                         [01;36m[K|[m[K
[1.070s]       |                                                         [01;36m[Kint[m[K
[1.070s]       |                                                        [32m[K%ld[m[K
[1.070s] [01m[K/home/jay/ros2_ws/src/my_cpp_pkg/src/add_two_ints_client.cpp:31:9:[m[K [01;31m[Kerror: [m[Kexpected ‘[01m[Kcatch[m[K’ before ‘[01m[K}[m[K’ token
[1.070s]    31 |         [01;31m[K}[m[K
[1.070s]       |         [01;31m[K^[m[K
[1.070s] [01m[K/home/jay/ros2_ws/src/my_cpp_pkg/src/add_two_ints_client.cpp:31:9:[m[K [01;31m[Kerror: [m[Kexpected ‘[01m[K([m[K’ before ‘[01m[K}[m[K’ token
[1.070s] [01m[K/home/jay/ros2_ws/src/my_cpp_pkg/src/add_two_ints_client.cpp:31:9:[m[K [01;31m[Kerror: [m[Kexpected type-specifier before ‘[01m[K}[m[K’ token
[1.070s] [01m[K/home/jay/ros2_ws/src/my_cpp_pkg/src/add_two_ints_client.cpp:31:9:[m[K [01;31m[Kerror: [m[Kexpected ‘[01m[K)[m[K’ before ‘[01m[K}[m[K’ token
[1.070s] [01m[K/home/jay/ros2_ws/src/my_cpp_pkg/src/add_two_ints_client.cpp:31:9:[m[K [01;36m[Knote: [m[Kto match this ‘[01m[K([m[K’
[1.070s] [01m[K/home/jay/ros2_ws/src/my_cpp_pkg/src/add_two_ints_client.cpp:31:9:[m[K [01;31m[Kerror: [m[Kexpected ‘[01m[K{[m[K’ before ‘[01m[K}[m[K’ token
[1.070s] [01m[K/home/jay/ros2_ws/src/my_cpp_pkg/src/add_two_ints_client.cpp:[m[K At global scope:
[1.070s] [01m[K/home/jay/ros2_ws/src/my_cpp_pkg/src/add_two_ints_client.cpp:39:1:[m[K [01;31m[Kerror: [m[Kexpected unqualified-id before ‘[01m[Kprivate[m[K’
[1.070s]    39 | [01;31m[Kprivate[m[K:
[1.070s]       | [01;31m[K^~~~~~~[m[K
[1.342s] gmake[2]: *** [CMakeFiles/add_two_ints_client.dir/build.make:76: CMakeFiles/add_two_ints_client.dir/src/add_two_ints_client.cpp.o] Error 1
[1.342s] gmake[1]: *** [CMakeFiles/Makefile2:277: CMakeFiles/add_two_ints_client.dir/all] Error 2
[1.342s] gmake: *** [Makefile:146: all] Error 2
[1.345s] Invoked command in '/home/jay/ros2_ws/build/my_cpp_pkg' returned '2': CMAKE_PREFIX_PATH=${CMAKE_PREFIX_PATH}:/home/jay/ros2_ws/install/my_py_pkg:/opt/ros/humble /usr/bin/cmake --build /home/jay/ros2_ws/build/my_cpp_pkg -- -j24 -l24
