[0.259s] Invoking command in '/home/jay/ros2_ws/src/my_py_pkg': PYTHONPATH=/home/jay/ros2_ws/build/my_py_pkg/prefix_override:/home/jay/ros2_ws/install/my_py_pkg/lib/python3.10/site-packages:${PYTHONPATH} /usr/bin/python3 -W ignore:setup.py install is deprecated setup.py egg_info --egg-base ../../build/my_py_pkg build --build-base /home/jay/ros2_ws/build/my_py_pkg/build install --record /home/jay/ros2_ws/build/my_py_pkg/install.log --single-version-externally-managed install_data
[0.359s] running egg_info
[0.360s] creating ../../build/my_py_pkg/my_py_pkg.egg-info
[0.360s] writing ../../build/my_py_pkg/my_py_pkg.egg-info/PKG-INFO
[0.360s] writing dependency_links to ../../build/my_py_pkg/my_py_pkg.egg-info/dependency_links.txt
[0.360s] writing entry points to ../../build/my_py_pkg/my_py_pkg.egg-info/entry_points.txt
[0.360s] writing requirements to ../../build/my_py_pkg/my_py_pkg.egg-info/requires.txt
[0.360s] writing top-level names to ../../build/my_py_pkg/my_py_pkg.egg-info/top_level.txt
[0.360s] writing manifest file '../../build/my_py_pkg/my_py_pkg.egg-info/SOURCES.txt'
[0.361s] reading manifest file '../../build/my_py_pkg/my_py_pkg.egg-info/SOURCES.txt'
[0.361s] writing manifest file '../../build/my_py_pkg/my_py_pkg.egg-info/SOURCES.txt'
[0.361s] running build
[0.361s] running build_py
[0.361s] creating /home/jay/ros2_ws/build/my_py_pkg/build
[0.361s] creating /home/jay/ros2_ws/build/my_py_pkg/build/lib
[0.361s] creating /home/jay/ros2_ws/build/my_py_pkg/build/lib/my_py_pkg
[0.361s] copying my_py_pkg/__init__.py -> /home/jay/ros2_ws/build/my_py_pkg/build/lib/my_py_pkg
[0.361s] running install
[0.361s] running install_lib
[0.361s] creating /home/jay/ros2_ws/install/my_py_pkg/lib/python3.10/site-packages/my_py_pkg
[0.361s] copying /home/jay/ros2_ws/build/my_py_pkg/build/lib/my_py_pkg/__init__.py -> /home/jay/ros2_ws/install/my_py_pkg/lib/python3.10/site-packages/my_py_pkg
[0.362s] byte-compiling /home/jay/ros2_ws/install/my_py_pkg/lib/python3.10/site-packages/my_py_pkg/__init__.py to __init__.cpython-310.pyc
[0.362s] running install_data
[0.362s] creating /home/jay/ros2_ws/install/my_py_pkg/share/ament_index
[0.362s] creating /home/jay/ros2_ws/install/my_py_pkg/share/ament_index/resource_index
[0.362s] creating /home/jay/ros2_ws/install/my_py_pkg/share/ament_index/resource_index/packages
[0.362s] copying resource/my_py_pkg -> /home/jay/ros2_ws/install/my_py_pkg/share/ament_index/resource_index/packages
[0.362s] copying package.xml -> /home/jay/ros2_ws/install/my_py_pkg/share/my_py_pkg
[0.362s] running install_egg_info
[0.363s] Copying ../../build/my_py_pkg/my_py_pkg.egg-info to /home/jay/ros2_ws/install/my_py_pkg/lib/python3.10/site-packages/my_py_pkg-0.0.0-py3.10.egg-info
[0.363s] running install_scripts
[0.373s] writing list of installed files to '/home/jay/ros2_ws/build/my_py_pkg/install.log'
[0.383s] Invoked command in '/home/jay/ros2_ws/src/my_py_pkg' returned '0': PYTHONPATH=/home/jay/ros2_ws/build/my_py_pkg/prefix_override:/home/jay/ros2_ws/install/my_py_pkg/lib/python3.10/site-packages:${PYTHONPATH} /usr/bin/python3 -W ignore:setup.py install is deprecated setup.py egg_info --egg-base ../../build/my_py_pkg build --build-base /home/jay/ros2_ws/build/my_py_pkg/build install --record /home/jay/ros2_ws/build/my_py_pkg/install.log --single-version-externally-managed install_data
