[0.166s] Invoking command in '/home/jay/ros2_ws/build/my_robot_description': CMAKE_PREFIX_PATH=${CMAKE_PREFIX_PATH}:/home/jay/ros2_ws/install/my_py_pkg:/opt/ros/humble /usr/bin/cmake /home/jay/ros2_ws/src/my_robot_description -DCMAKE_INSTALL_PREFIX=/home/jay/ros2_ws/install/my_robot_description
[0.212s] -- The C compiler identification is GNU 11.4.0
[0.258s] -- The CXX compiler identification is GNU 11.4.0
[0.263s] -- Detecting C compiler ABI info
[0.313s] -- Detecting C compiler ABI info - done
[0.320s] -- Check for working C compiler: /usr/bin/cc - skipped
[0.320s] -- Detecting C compile features
[0.321s] -- Detecting C compile features - done
[0.323s] -- Detecting CXX compiler ABI info
[0.382s] -- Detecting CXX compiler ABI info - done
[0.387s] -- Check for working CXX compiler: /usr/bin/c++ - skipped
[0.387s] -- Detecting CXX compile features
[0.388s] -- Detecting CXX compile features - done
[0.389s] -- Found ament_cmake: 1.3.8 (/opt/ros/humble/share/ament_cmake/cmake)
[0.503s] -- Found Python3: /usr/bin/python3 (found version "3.10.12") found components: Interpreter 
[0.616s] -- Configuring done
[0.618s] -- Generating done
[0.618s] -- Build files have been written to: /home/jay/ros2_ws/build/my_robot_description
[0.623s] Invoked command in '/home/jay/ros2_ws/build/my_robot_description' returned '0': CMAKE_PREFIX_PATH=${CMAKE_PREFIX_PATH}:/home/jay/ros2_ws/install/my_py_pkg:/opt/ros/humble /usr/bin/cmake /home/jay/ros2_ws/src/my_robot_description -DCMAKE_INSTALL_PREFIX=/home/jay/ros2_ws/install/my_robot_description
[0.623s] Invoking command in '/home/jay/ros2_ws/build/my_robot_description': CMAKE_PREFIX_PATH=${CMAKE_PREFIX_PATH}:/home/jay/ros2_ws/install/my_py_pkg:/opt/ros/humble /usr/bin/cmake --build /home/jay/ros2_ws/build/my_robot_description -- -j24 -l24
[0.654s] Invoked command in '/home/jay/ros2_ws/build/my_robot_description' returned '0': CMAKE_PREFIX_PATH=${CMAKE_PREFIX_PATH}:/home/jay/ros2_ws/install/my_py_pkg:/opt/ros/humble /usr/bin/cmake --build /home/jay/ros2_ws/build/my_robot_description -- -j24 -l24
[0.675s] Invoking command in '/home/jay/ros2_ws/build/my_robot_description': CMAKE_PREFIX_PATH=${CMAKE_PREFIX_PATH}:/home/jay/ros2_ws/install/my_py_pkg:/opt/ros/humble /usr/bin/cmake --install /home/jay/ros2_ws/build/my_robot_description
[0.679s] -- Install configuration: ""
[0.680s] -- Installing: /home/jay/ros2_ws/install/my_robot_description/share/my_robot_description//urdf
[0.680s] -- Installing: /home/jay/ros2_ws/install/my_robot_description/share/my_robot_description//urdf/my_robot.urdf
[0.680s] -- Installing: /home/jay/ros2_ws/install/my_robot_description/share/ament_index/resource_index/package_run_dependencies/my_robot_description
[0.680s] -- Installing: /home/jay/ros2_ws/install/my_robot_description/share/ament_index/resource_index/parent_prefix_path/my_robot_description
[0.680s] -- Installing: /home/jay/ros2_ws/install/my_robot_description/share/my_robot_description/environment/ament_prefix_path.sh
[0.680s] -- Installing: /home/jay/ros2_ws/install/my_robot_description/share/my_robot_description/environment/ament_prefix_path.dsv
[0.680s] -- Installing: /home/jay/ros2_ws/install/my_robot_description/share/my_robot_description/environment/path.sh
[0.680s] -- Installing: /home/jay/ros2_ws/install/my_robot_description/share/my_robot_description/environment/path.dsv
[0.680s] -- Installing: /home/jay/ros2_ws/install/my_robot_description/share/my_robot_description/local_setup.bash
[0.681s] -- Installing: /home/jay/ros2_ws/install/my_robot_description/share/my_robot_description/local_setup.sh
[0.681s] -- Installing: /home/jay/ros2_ws/install/my_robot_description/share/my_robot_description/local_setup.zsh
[0.681s] -- Installing: /home/jay/ros2_ws/install/my_robot_description/share/my_robot_description/local_setup.dsv
[0.681s] -- Installing: /home/jay/ros2_ws/install/my_robot_description/share/my_robot_description/package.dsv
[0.681s] -- Installing: /home/jay/ros2_ws/install/my_robot_description/share/ament_index/resource_index/packages/my_robot_description
[0.681s] -- Installing: /home/jay/ros2_ws/install/my_robot_description/share/my_robot_description/cmake/my_robot_descriptionConfig.cmake
[0.681s] -- Installing: /home/jay/ros2_ws/install/my_robot_description/share/my_robot_description/cmake/my_robot_descriptionConfig-version.cmake
[0.681s] -- Installing: /home/jay/ros2_ws/install/my_robot_description/share/my_robot_description/package.xml
[0.682s] Invoked command in '/home/jay/ros2_ws/build/my_robot_description' returned '0': CMAKE_PREFIX_PATH=${CMAKE_PREFIX_PATH}:/home/jay/ros2_ws/install/my_py_pkg:/opt/ros/humble /usr/bin/cmake --install /home/jay/ros2_ws/build/my_robot_description
