[0.005s] Invoking command in '/home/jay/ros2_ws/build/my_cpp_pkg': CMAKE_PREFIX_PATH=${CMAKE_PREFIX_PATH}:/home/jay/ros2_ws/install/my_py_pkg:/opt/ros/humble /usr/bin/cmake --build /home/jay/ros2_ws/build/my_cpp_pkg -- -j24 -l24
[0.018s] -- Found ament_cmake: 1.3.8 (/opt/ros/humble/share/ament_cmake/cmake)
[0.083s] -- Found rclcpp: 16.0.8 (/opt/ros/humble/share/rclcpp/cmake)
[0.099s] -- Found rosidl_generator_c: 3.1.5 (/opt/ros/humble/share/rosidl_generator_c/cmake)
[0.100s] -- Found rosidl_adapter: 3.1.5 (/opt/ros/humble/share/rosidl_adapter/cmake)
[0.103s] -- Found rosidl_generator_cpp: 3.1.5 (/opt/ros/humble/share/rosidl_generator_cpp/cmake)
[0.109s] -- Using all available rosidl_typesupport_c: rosidl_typesupport_fastrtps_c;rosidl_typesupport_introspection_c
[0.117s] -- Using all available rosidl_typesupport_cpp: rosidl_typesupport_fastrtps_cpp;rosidl_typesupport_introspection_cpp
[0.146s] -- Found rmw_implementation_cmake: 6.1.1 (/opt/ros/humble/share/rmw_implementation_cmake/cmake)
[0.147s] -- Found rmw_fastrtps_cpp: 6.2.6 (/opt/ros/humble/share/rmw_fastrtps_cpp/cmake)
[0.203s] -- Using RMW implementation 'rmw_fastrtps_cpp' as default
[0.311s] -- Configuring done
[0.315s] -- Generating done
[0.315s] -- Build files have been written to: /home/jay/ros2_ws/build/my_cpp_pkg
[0.327s] [35m[1mConsolidate compiler generated dependencies of target cpp_node[0m
[0.334s] [ 50%] [32mBuilding CXX object CMakeFiles/cpp_node.dir/src/my_first_node.cpp.o[0m
[1.593s] [100%] [32m[1mLinking CXX executable cpp_node[0m
[1.647s] [100%] Built target cpp_node
[1.654s] Invoked command in '/home/jay/ros2_ws/build/my_cpp_pkg' returned '0': CMAKE_PREFIX_PATH=${CMAKE_PREFIX_PATH}:/home/jay/ros2_ws/install/my_py_pkg:/opt/ros/humble /usr/bin/cmake --build /home/jay/ros2_ws/build/my_cpp_pkg -- -j24 -l24
[1.671s] Invoking command in '/home/jay/ros2_ws/build/my_cpp_pkg': CMAKE_PREFIX_PATH=${CMAKE_PREFIX_PATH}:/home/jay/ros2_ws/install/my_py_pkg:/opt/ros/humble /usr/bin/cmake --install /home/jay/ros2_ws/build/my_cpp_pkg
[1.677s] -- Install configuration: ""
[1.677s] -- Installing: /home/jay/ros2_ws/install/my_cpp_pkg/lib/my_cpp_pkg/cpp_node
[1.678s] -- Set runtime path of "/home/jay/ros2_ws/install/my_cpp_pkg/lib/my_cpp_pkg/cpp_node" to ""
[1.678s] -- Up-to-date: /home/jay/ros2_ws/install/my_cpp_pkg/share/ament_index/resource_index/package_run_dependencies/my_cpp_pkg
[1.678s] -- Up-to-date: /home/jay/ros2_ws/install/my_cpp_pkg/share/ament_index/resource_index/parent_prefix_path/my_cpp_pkg
[1.678s] -- Up-to-date: /home/jay/ros2_ws/install/my_cpp_pkg/share/my_cpp_pkg/environment/ament_prefix_path.sh
[1.678s] -- Installing: /home/jay/ros2_ws/install/my_cpp_pkg/share/my_cpp_pkg/environment/ament_prefix_path.dsv
[1.678s] -- Up-to-date: /home/jay/ros2_ws/install/my_cpp_pkg/share/my_cpp_pkg/environment/path.sh
[1.678s] -- Installing: /home/jay/ros2_ws/install/my_cpp_pkg/share/my_cpp_pkg/environment/path.dsv
[1.678s] -- Up-to-date: /home/jay/ros2_ws/install/my_cpp_pkg/share/my_cpp_pkg/local_setup.bash
[1.678s] -- Up-to-date: /home/jay/ros2_ws/install/my_cpp_pkg/share/my_cpp_pkg/local_setup.sh
[1.679s] -- Up-to-date: /home/jay/ros2_ws/install/my_cpp_pkg/share/my_cpp_pkg/local_setup.zsh
[1.679s] -- Installing: /home/jay/ros2_ws/install/my_cpp_pkg/share/my_cpp_pkg/local_setup.dsv
[1.679s] -- Installing: /home/jay/ros2_ws/install/my_cpp_pkg/share/my_cpp_pkg/package.dsv
[1.679s] -- Up-to-date: /home/jay/ros2_ws/install/my_cpp_pkg/share/ament_index/resource_index/packages/my_cpp_pkg
[1.679s] -- Up-to-date: /home/jay/ros2_ws/install/my_cpp_pkg/share/my_cpp_pkg/cmake/my_cpp_pkgConfig.cmake
[1.679s] -- Up-to-date: /home/jay/ros2_ws/install/my_cpp_pkg/share/my_cpp_pkg/cmake/my_cpp_pkgConfig-version.cmake
[1.679s] -- Up-to-date: /home/jay/ros2_ws/install/my_cpp_pkg/share/my_cpp_pkg/package.xml
[1.680s] Invoked command in '/home/jay/ros2_ws/build/my_cpp_pkg' returned '0': CMAKE_PREFIX_PATH=${CMAKE_PREFIX_PATH}:/home/jay/ros2_ws/install/my_py_pkg:/opt/ros/humble /usr/bin/cmake --install /home/jay/ros2_ws/build/my_cpp_pkg
