[0.014s] Invoking command in '/home/jay/ros2_ws/build/my_robot_description': CMAKE_PREFIX_PATH=${CMAKE_PREFIX_PATH}:/home/jay/ros2_ws/install/my_py_pkg:/opt/ros/humble /usr/bin/cmake /home/jay/ros2_ws/src/my_robot_description -DAMENT_CMAKE_SYMLINK_INSTALL=1 -DCMAKE_INSTALL_PREFIX=/home/jay/ros2_ws/install/my_robot_description
[0.027s] -- Found ament_cmake: 1.3.8 (/opt/ros/humble/share/ament_cmake/cmake)
[0.114s] -- Override CMake install command with custom implementation using symlinks instead of copying resources
[0.170s] -- Configuring done
[0.173s] -- Generating done
[0.173s] -- Build files have been written to: /home/jay/ros2_ws/build/my_robot_description
[0.177s] Invoked command in '/home/jay/ros2_ws/build/my_robot_description' returned '0': CMAKE_PREFIX_PATH=${CMAKE_PREFIX_PATH}:/home/jay/ros2_ws/install/my_py_pkg:/opt/ros/humble /usr/bin/cmake /home/jay/ros2_ws/src/my_robot_description -DAMENT_CMAKE_SYMLINK_INSTALL=1 -DCMAKE_INSTALL_PREFIX=/home/jay/ros2_ws/install/my_robot_description
[0.179s] Invoking command in '/home/jay/ros2_ws/build/my_robot_description': CMAKE_PREFIX_PATH=${CMAKE_PREFIX_PATH}:/home/jay/ros2_ws/install/my_py_pkg:/opt/ros/humble /usr/bin/cmake --build /home/jay/ros2_ws/build/my_robot_description -- -j24 -l24
[0.205s] Invoked command in '/home/jay/ros2_ws/build/my_robot_description' returned '0': CMAKE_PREFIX_PATH=${CMAKE_PREFIX_PATH}:/home/jay/ros2_ws/install/my_py_pkg:/opt/ros/humble /usr/bin/cmake --build /home/jay/ros2_ws/build/my_robot_description -- -j24 -l24
[0.226s] Invoking command in '/home/jay/ros2_ws/build/my_robot_description': CMAKE_PREFIX_PATH=${CMAKE_PREFIX_PATH}:/home/jay/ros2_ws/install/my_py_pkg:/opt/ros/humble /usr/bin/cmake --install /home/jay/ros2_ws/build/my_robot_description
[0.231s] -- Install configuration: ""
[0.232s] -- Execute custom install script
[0.232s] -- Symlinking: /home/jay/ros2_ws/install/my_robot_description/share/my_robot_description//urdf/common_properties.xacro
[0.238s] -- Symlinking: /home/jay/ros2_ws/install/my_robot_description/share/my_robot_description//urdf/mobile_base.xacro
[0.244s] -- Symlinking: /home/jay/ros2_ws/install/my_robot_description/share/my_robot_description//urdf/mobile_base_gazebo.xacro
[0.250s] -- Symlinking: /home/jay/ros2_ws/install/my_robot_description/share/my_robot_description//urdf/my_robot.urdf.xacro
[0.255s] -- Symlinking: /home/jay/ros2_ws/install/my_robot_description/share/my_robot_description//launch/display.launch.py
[0.261s] -- Symlinking: /home/jay/ros2_ws/install/my_robot_description/share/my_robot_description//launch/display.launch.xml
[0.267s] -- Symlinking: /home/jay/ros2_ws/install/my_robot_description/share/my_robot_description//rviz/urdf_config.rviz
[0.272s] -- Symlinking: /home/jay/ros2_ws/install/my_robot_description/share/ament_index/resource_index/package_run_dependencies/my_robot_description
[0.278s] -- Symlinking: /home/jay/ros2_ws/install/my_robot_description/share/ament_index/resource_index/parent_prefix_path/my_robot_description
[0.284s] -- Symlinking: /home/jay/ros2_ws/install/my_robot_description/share/my_robot_description/environment/ament_prefix_path.sh
[0.290s] -- Symlinking: /home/jay/ros2_ws/install/my_robot_description/share/my_robot_description/environment/ament_prefix_path.dsv
[0.296s] -- Symlinking: /home/jay/ros2_ws/install/my_robot_description/share/my_robot_description/environment/path.sh
[0.302s] -- Symlinking: /home/jay/ros2_ws/install/my_robot_description/share/my_robot_description/environment/path.dsv
[0.307s] -- Symlinking: /home/jay/ros2_ws/install/my_robot_description/share/my_robot_description/local_setup.bash
[0.314s] -- Symlinking: /home/jay/ros2_ws/install/my_robot_description/share/my_robot_description/local_setup.sh
[0.321s] -- Symlinking: /home/jay/ros2_ws/install/my_robot_description/share/my_robot_description/local_setup.zsh
[0.326s] -- Symlinking: /home/jay/ros2_ws/install/my_robot_description/share/my_robot_description/local_setup.dsv
[0.333s] -- Symlinking: /home/jay/ros2_ws/install/my_robot_description/share/my_robot_description/package.dsv
[0.338s] -- Symlinking: /home/jay/ros2_ws/install/my_robot_description/share/ament_index/resource_index/packages/my_robot_description
[0.344s] -- Symlinking: /home/jay/ros2_ws/install/my_robot_description/share/my_robot_description/cmake/my_robot_descriptionConfig.cmake
[0.350s] -- Symlinking: /home/jay/ros2_ws/install/my_robot_description/share/my_robot_description/cmake/my_robot_descriptionConfig-version.cmake
[0.356s] -- Symlinking: /home/jay/ros2_ws/install/my_robot_description/share/my_robot_description/package.xml
[0.363s] Invoked command in '/home/jay/ros2_ws/build/my_robot_description' returned '0': CMAKE_PREFIX_PATH=${CMAKE_PREFIX_PATH}:/home/jay/ros2_ws/install/my_py_pkg:/opt/ros/humble /usr/bin/cmake --install /home/jay/ros2_ws/build/my_robot_description
