[0.255s] Invoking command in '/home/jay/ros2_ws/build/my_py_pkg': PYTHONPATH=/home/jay/ros2_ws/build/my_py_pkg/prefix_override:/home/jay/ros2_ws/install/my_py_pkg/lib/python3.10/site-packages:${PYTHONPATH} /usr/bin/python3 -W ignore:setup.py install is deprecated setup.py develop --editable --build-directory /home/jay/ros2_ws/build/my_py_pkg/build --no-deps symlink_data --force
[0.366s] running develop
[0.366s] /usr/lib/python3/dist-packages/setuptools/command/easy_install.py:158: EasyInstallDeprecationWarning: easy_install command is deprecated. Use build and pip and other standards-based tools.
[0.366s]   warnings.warn(
[0.423s] running egg_info
[0.424s] writing my_py_pkg.egg-info/PKG-INFO
[0.424s] writing dependency_links to my_py_pkg.egg-info/dependency_links.txt
[0.424s] writing entry points to my_py_pkg.egg-info/entry_points.txt
[0.424s] writing requirements to my_py_pkg.egg-info/requires.txt
[0.424s] writing top-level names to my_py_pkg.egg-info/top_level.txt
[0.424s] reading manifest file 'my_py_pkg.egg-info/SOURCES.txt'
[0.425s] writing manifest file 'my_py_pkg.egg-info/SOURCES.txt'
[0.425s] running build_ext
[0.425s] Creating /home/jay/ros2_ws/install/my_py_pkg/lib/python3.10/site-packages/my-py-pkg.egg-link (link to .)
[0.426s] Installing py_node script to /home/jay/ros2_ws/install/my_py_pkg/lib/my_py_pkg
[0.426s] 
[0.426s] Installed /home/jay/ros2_ws/build/my_py_pkg
[0.426s] running symlink_data
[0.426s] symbolically linking /home/jay/ros2_ws/build/my_py_pkg/resource/my_py_pkg -> /home/jay/ros2_ws/install/my_py_pkg/share/ament_index/resource_index/packages
[0.426s] symbolically linking /home/jay/ros2_ws/build/my_py_pkg/package.xml -> /home/jay/ros2_ws/install/my_py_pkg/share/my_py_pkg
[0.439s] Invoked command in '/home/jay/ros2_ws/build/my_py_pkg' returned '0': PYTHONPATH=/home/jay/ros2_ws/build/my_py_pkg/prefix_override:/home/jay/ros2_ws/install/my_py_pkg/lib/python3.10/site-packages:${PYTHONPATH} /usr/bin/python3 -W ignore:setup.py install is deprecated setup.py develop --editable --build-directory /home/jay/ros2_ws/build/my_py_pkg/build --no-deps symlink_data --force
