[0.066s] DEBUG:colcon:Command line arguments: ['/usr/bin/colcon', 'build', '--symlink-install']
[0.066s] DEBUG:colcon:Parsed command line arguments: Namespace(log_base=None, log_level=None, verb_name='build', build_base='build', install_base='install', merge_install=False, symlink_install=True, test_result_base=None, continue_on_error=False, executor='parallel', parallel_workers=24, event_handlers=None, ignore_user_meta=False, metas=['./colcon.meta'], base_paths=['.'], packages_ignore=None, packages_ignore_regex=None, paths=None, packages_up_to=None, packages_up_to_regex=None, packages_above=None, packages_above_and_dependencies=None, packages_above_depth=None, packages_select_by_dep=None, packages_skip_by_dep=None, packages_skip_up_to=None, packages_select_build_failed=False, packages_skip_build_finished=False, packages_select_test_failures=False, packages_skip_test_passed=False, packages_select=None, packages_skip=None, packages_select_regex=None, packages_skip_regex=None, packages_start=None, packages_end=None, allow_overriding=[], cmake_args=None, cmake_target=None, cmake_target_skip_unavailable=False, cmake_clean_cache=False, cmake_clean_first=False, cmake_force_configure=False, ament_cmake_args=None, catkin_cmake_args=None, catkin_skip_building_tests=False, verb_parser=<colcon_defaults.argument_parser.defaults.DefaultArgumentsDecorator object at 0x7e0d2fab4a60>, verb_extension=<colcon_core.verb.build.BuildVerb object at 0x7e0d2fab4550>, main=<bound method BuildVerb.main of <colcon_core.verb.build.BuildVerb object at 0x7e0d2fab4550>>)
[0.145s] Level 1:colcon.colcon_core.package_discovery:discover_packages(colcon_meta) check parameters
[0.145s] Level 1:colcon.colcon_core.package_discovery:discover_packages(recursive) check parameters
[0.145s] Level 1:colcon.colcon_core.package_discovery:discover_packages(ignore) check parameters
[0.145s] Level 1:colcon.colcon_core.package_discovery:discover_packages(path) check parameters
[0.145s] Level 1:colcon.colcon_core.package_discovery:discover_packages(colcon_meta) discover
[0.145s] Level 1:colcon.colcon_core.package_discovery:discover_packages(recursive) discover
[0.145s] INFO:colcon.colcon_core.package_discovery:Crawling recursively for packages in '/home/jay/ros2_ws'
[0.145s] Level 1:colcon.colcon_core.package_identification:_identify(.) by extensions ['ignore', 'ignore_ament_install']
[0.145s] Level 1:colcon.colcon_core.package_identification:_identify(.) by extension 'ignore'
[0.145s] Level 1:colcon.colcon_core.package_identification:_identify(.) by extension 'ignore_ament_install'
[0.145s] Level 1:colcon.colcon_core.package_identification:_identify(.) by extensions ['colcon_pkg']
[0.145s] Level 1:colcon.colcon_core.package_identification:_identify(.) by extension 'colcon_pkg'
[0.145s] Level 1:colcon.colcon_core.package_identification:_identify(.) by extensions ['colcon_meta']
[0.145s] Level 1:colcon.colcon_core.package_identification:_identify(.) by extension 'colcon_meta'
[0.145s] Level 1:colcon.colcon_core.package_identification:_identify(.) by extensions ['ros']
[0.145s] Level 1:colcon.colcon_core.package_identification:_identify(.) by extension 'ros'
[0.152s] Level 1:colcon.colcon_core.package_identification:_identify(.) by extensions ['cmake', 'python']
[0.152s] Level 1:colcon.colcon_core.package_identification:_identify(.) by extension 'cmake'
[0.152s] Level 1:colcon.colcon_core.package_identification:_identify(.) by extension 'python'
[0.152s] Level 1:colcon.colcon_core.package_identification:_identify(.) by extensions ['python_setup_py']
[0.152s] Level 1:colcon.colcon_core.package_identification:_identify(.) by extension 'python_setup_py'
[0.152s] Level 1:colcon.colcon_core.package_identification:_identify(build) by extensions ['ignore', 'ignore_ament_install']
[0.152s] Level 1:colcon.colcon_core.package_identification:_identify(build) by extension 'ignore'
[0.152s] Level 1:colcon.colcon_core.package_identification:_identify(build) ignored
[0.152s] Level 1:colcon.colcon_core.package_identification:_identify(install) by extensions ['ignore', 'ignore_ament_install']
[0.152s] Level 1:colcon.colcon_core.package_identification:_identify(install) by extension 'ignore'
[0.152s] Level 1:colcon.colcon_core.package_identification:_identify(install) ignored
[0.153s] Level 1:colcon.colcon_core.package_identification:_identify(log) by extensions ['ignore', 'ignore_ament_install']
[0.153s] Level 1:colcon.colcon_core.package_identification:_identify(log) by extension 'ignore'
[0.153s] Level 1:colcon.colcon_core.package_identification:_identify(log) ignored
[0.153s] Level 1:colcon.colcon_core.package_identification:_identify(src) by extensions ['ignore', 'ignore_ament_install']
[0.153s] Level 1:colcon.colcon_core.package_identification:_identify(src) by extension 'ignore'
[0.153s] Level 1:colcon.colcon_core.package_identification:_identify(src) by extension 'ignore_ament_install'
[0.153s] Level 1:colcon.colcon_core.package_identification:_identify(src) by extensions ['colcon_pkg']
[0.153s] Level 1:colcon.colcon_core.package_identification:_identify(src) by extension 'colcon_pkg'
[0.153s] Level 1:colcon.colcon_core.package_identification:_identify(src) by extensions ['colcon_meta']
[0.153s] Level 1:colcon.colcon_core.package_identification:_identify(src) by extension 'colcon_meta'
[0.153s] Level 1:colcon.colcon_core.package_identification:_identify(src) by extensions ['ros']
[0.153s] Level 1:colcon.colcon_core.package_identification:_identify(src) by extension 'ros'
[0.153s] Level 1:colcon.colcon_core.package_identification:_identify(src) by extensions ['cmake', 'python']
[0.153s] Level 1:colcon.colcon_core.package_identification:_identify(src) by extension 'cmake'
[0.153s] Level 1:colcon.colcon_core.package_identification:_identify(src) by extension 'python'
[0.153s] Level 1:colcon.colcon_core.package_identification:_identify(src) by extensions ['python_setup_py']
[0.153s] Level 1:colcon.colcon_core.package_identification:_identify(src) by extension 'python_setup_py'
[0.153s] Level 1:colcon.colcon_core.package_identification:_identify(src/build) by extensions ['ignore', 'ignore_ament_install']
[0.153s] Level 1:colcon.colcon_core.package_identification:_identify(src/build) by extension 'ignore'
[0.153s] Level 1:colcon.colcon_core.package_identification:_identify(src/build) ignored
[0.153s] Level 1:colcon.colcon_core.package_identification:_identify(src/install) by extensions ['ignore', 'ignore_ament_install']
[0.153s] Level 1:colcon.colcon_core.package_identification:_identify(src/install) by extension 'ignore'
[0.153s] Level 1:colcon.colcon_core.package_identification:_identify(src/install) ignored
[0.153s] Level 1:colcon.colcon_core.package_identification:_identify(src/log) by extensions ['ignore', 'ignore_ament_install']
[0.153s] Level 1:colcon.colcon_core.package_identification:_identify(src/log) by extension 'ignore'
[0.153s] Level 1:colcon.colcon_core.package_identification:_identify(src/log) ignored
[0.153s] Level 1:colcon.colcon_core.package_identification:_identify(src/my_cpp_pkg) by extensions ['ignore', 'ignore_ament_install']
[0.154s] Level 1:colcon.colcon_core.package_identification:_identify(src/my_cpp_pkg) by extension 'ignore'
[0.154s] Level 1:colcon.colcon_core.package_identification:_identify(src/my_cpp_pkg) by extension 'ignore_ament_install'
[0.154s] Level 1:colcon.colcon_core.package_identification:_identify(src/my_cpp_pkg) by extensions ['colcon_pkg']
[0.154s] Level 1:colcon.colcon_core.package_identification:_identify(src/my_cpp_pkg) by extension 'colcon_pkg'
[0.154s] Level 1:colcon.colcon_core.package_identification:_identify(src/my_cpp_pkg) by extensions ['colcon_meta']
[0.154s] Level 1:colcon.colcon_core.package_identification:_identify(src/my_cpp_pkg) by extension 'colcon_meta'
[0.154s] Level 1:colcon.colcon_core.package_identification:_identify(src/my_cpp_pkg) by extensions ['ros']
[0.154s] Level 1:colcon.colcon_core.package_identification:_identify(src/my_cpp_pkg) by extension 'ros'
[0.155s] DEBUG:colcon.colcon_core.package_identification:Package 'src/my_cpp_pkg' with type 'ros.ament_cmake' and name 'my_cpp_pkg'
[0.155s] Level 1:colcon.colcon_core.package_identification:_identify(src/my_py_pkg) by extensions ['ignore', 'ignore_ament_install']
[0.155s] Level 1:colcon.colcon_core.package_identification:_identify(src/my_py_pkg) by extension 'ignore'
[0.155s] Level 1:colcon.colcon_core.package_identification:_identify(src/my_py_pkg) by extension 'ignore_ament_install'
[0.155s] Level 1:colcon.colcon_core.package_identification:_identify(src/my_py_pkg) by extensions ['colcon_pkg']
[0.155s] Level 1:colcon.colcon_core.package_identification:_identify(src/my_py_pkg) by extension 'colcon_pkg'
[0.155s] Level 1:colcon.colcon_core.package_identification:_identify(src/my_py_pkg) by extensions ['colcon_meta']
[0.155s] Level 1:colcon.colcon_core.package_identification:_identify(src/my_py_pkg) by extension 'colcon_meta'
[0.155s] Level 1:colcon.colcon_core.package_identification:_identify(src/my_py_pkg) by extensions ['ros']
[0.155s] Level 1:colcon.colcon_core.package_identification:_identify(src/my_py_pkg) by extension 'ros'
[0.156s] DEBUG:colcon.colcon_core.package_identification:Package 'src/my_py_pkg' with type 'ros.ament_python' and name 'my_py_pkg'
[0.156s] Level 1:colcon.colcon_core.package_identification:_identify(src/my_robot_bringup) by extensions ['ignore', 'ignore_ament_install']
[0.156s] Level 1:colcon.colcon_core.package_identification:_identify(src/my_robot_bringup) by extension 'ignore'
[0.156s] Level 1:colcon.colcon_core.package_identification:_identify(src/my_robot_bringup) by extension 'ignore_ament_install'
[0.156s] Level 1:colcon.colcon_core.package_identification:_identify(src/my_robot_bringup) by extensions ['colcon_pkg']
[0.156s] Level 1:colcon.colcon_core.package_identification:_identify(src/my_robot_bringup) by extension 'colcon_pkg'
[0.156s] Level 1:colcon.colcon_core.package_identification:_identify(src/my_robot_bringup) by extensions ['colcon_meta']
[0.156s] Level 1:colcon.colcon_core.package_identification:_identify(src/my_robot_bringup) by extension 'colcon_meta'
[0.156s] Level 1:colcon.colcon_core.package_identification:_identify(src/my_robot_bringup) by extensions ['ros']
[0.156s] Level 1:colcon.colcon_core.package_identification:_identify(src/my_robot_bringup) by extension 'ros'
[0.156s] DEBUG:colcon.colcon_core.package_identification:Package 'src/my_robot_bringup' with type 'ros.ament_cmake' and name 'my_robot_bringup'
[0.156s] Level 1:colcon.colcon_core.package_identification:_identify(src/my_robot_description) by extensions ['ignore', 'ignore_ament_install']
[0.156s] Level 1:colcon.colcon_core.package_identification:_identify(src/my_robot_description) by extension 'ignore'
[0.156s] Level 1:colcon.colcon_core.package_identification:_identify(src/my_robot_description) by extension 'ignore_ament_install'
[0.157s] Level 1:colcon.colcon_core.package_identification:_identify(src/my_robot_description) by extensions ['colcon_pkg']
[0.157s] Level 1:colcon.colcon_core.package_identification:_identify(src/my_robot_description) by extension 'colcon_pkg'
[0.157s] Level 1:colcon.colcon_core.package_identification:_identify(src/my_robot_description) by extensions ['colcon_meta']
[0.157s] Level 1:colcon.colcon_core.package_identification:_identify(src/my_robot_description) by extension 'colcon_meta'
[0.157s] Level 1:colcon.colcon_core.package_identification:_identify(src/my_robot_description) by extensions ['ros']
[0.157s] Level 1:colcon.colcon_core.package_identification:_identify(src/my_robot_description) by extension 'ros'
[0.157s] DEBUG:colcon.colcon_core.package_identification:Package 'src/my_robot_description' with type 'ros.ament_cmake' and name 'my_robot_description'
[0.157s] Level 1:colcon.colcon_core.package_discovery:discover_packages(recursive) using defaults
[0.157s] Level 1:colcon.colcon_core.package_discovery:discover_packages(ignore) discover
[0.157s] Level 1:colcon.colcon_core.package_discovery:discover_packages(ignore) using defaults
[0.157s] Level 1:colcon.colcon_core.package_discovery:discover_packages(path) discover
[0.157s] Level 1:colcon.colcon_core.package_discovery:discover_packages(path) using defaults
[0.169s] Level 1:colcon.colcon_core.package_discovery:discover_packages(prefix_path) check parameters
[0.169s] Level 1:colcon.colcon_core.package_discovery:discover_packages(prefix_path) discover
[0.170s] DEBUG:colcon.colcon_installed_package_information.package_discovery:Found 4 installed packages in /home/jay/ros2_ws/install
[0.171s] DEBUG:colcon.colcon_installed_package_information.package_discovery:Found 364 installed packages in /opt/ros/humble
[0.177s] Level 1:colcon.colcon_core.package_discovery:discover_packages(prefix_path) using defaults
[0.202s] Level 5:colcon.colcon_core.verb:set package 'my_cpp_pkg' build argument 'cmake_args' from command line to 'None'
[0.202s] Level 5:colcon.colcon_core.verb:set package 'my_cpp_pkg' build argument 'cmake_target' from command line to 'None'
[0.202s] Level 5:colcon.colcon_core.verb:set package 'my_cpp_pkg' build argument 'cmake_target_skip_unavailable' from command line to 'False'
[0.202s] Level 5:colcon.colcon_core.verb:set package 'my_cpp_pkg' build argument 'cmake_clean_cache' from command line to 'False'
[0.202s] Level 5:colcon.colcon_core.verb:set package 'my_cpp_pkg' build argument 'cmake_clean_first' from command line to 'False'
[0.202s] Level 5:colcon.colcon_core.verb:set package 'my_cpp_pkg' build argument 'cmake_force_configure' from command line to 'False'
[0.202s] Level 5:colcon.colcon_core.verb:set package 'my_cpp_pkg' build argument 'ament_cmake_args' from command line to 'None'
[0.202s] Level 5:colcon.colcon_core.verb:set package 'my_cpp_pkg' build argument 'catkin_cmake_args' from command line to 'None'
[0.202s] Level 5:colcon.colcon_core.verb:set package 'my_cpp_pkg' build argument 'catkin_skip_building_tests' from command line to 'False'
[0.202s] DEBUG:colcon.colcon_core.verb:Building package 'my_cpp_pkg' with the following arguments: {'ament_cmake_args': None, 'build_base': '/home/jay/ros2_ws/build/my_cpp_pkg', 'catkin_cmake_args': None, 'catkin_skip_building_tests': False, 'cmake_args': None, 'cmake_clean_cache': False, 'cmake_clean_first': False, 'cmake_force_configure': False, 'cmake_target': None, 'cmake_target_skip_unavailable': False, 'install_base': '/home/jay/ros2_ws/install/my_cpp_pkg', 'merge_install': False, 'path': '/home/jay/ros2_ws/src/my_cpp_pkg', 'symlink_install': True, 'test_result_base': None}
[0.202s] Level 5:colcon.colcon_core.verb:set package 'my_py_pkg' build argument 'cmake_args' from command line to 'None'
[0.202s] Level 5:colcon.colcon_core.verb:set package 'my_py_pkg' build argument 'cmake_target' from command line to 'None'
[0.202s] Level 5:colcon.colcon_core.verb:set package 'my_py_pkg' build argument 'cmake_target_skip_unavailable' from command line to 'False'
[0.202s] Level 5:colcon.colcon_core.verb:set package 'my_py_pkg' build argument 'cmake_clean_cache' from command line to 'False'
[0.202s] Level 5:colcon.colcon_core.verb:set package 'my_py_pkg' build argument 'cmake_clean_first' from command line to 'False'
[0.202s] Level 5:colcon.colcon_core.verb:set package 'my_py_pkg' build argument 'cmake_force_configure' from command line to 'False'
[0.203s] Level 5:colcon.colcon_core.verb:set package 'my_py_pkg' build argument 'ament_cmake_args' from command line to 'None'
[0.203s] Level 5:colcon.colcon_core.verb:set package 'my_py_pkg' build argument 'catkin_cmake_args' from command line to 'None'
[0.203s] Level 5:colcon.colcon_core.verb:set package 'my_py_pkg' build argument 'catkin_skip_building_tests' from command line to 'False'
[0.203s] DEBUG:colcon.colcon_core.verb:Building package 'my_py_pkg' with the following arguments: {'ament_cmake_args': None, 'build_base': '/home/jay/ros2_ws/build/my_py_pkg', 'catkin_cmake_args': None, 'catkin_skip_building_tests': False, 'cmake_args': None, 'cmake_clean_cache': False, 'cmake_clean_first': False, 'cmake_force_configure': False, 'cmake_target': None, 'cmake_target_skip_unavailable': False, 'install_base': '/home/jay/ros2_ws/install/my_py_pkg', 'merge_install': False, 'path': '/home/jay/ros2_ws/src/my_py_pkg', 'symlink_install': True, 'test_result_base': None}
[0.203s] Level 5:colcon.colcon_core.verb:set package 'my_robot_description' build argument 'cmake_args' from command line to 'None'
[0.203s] Level 5:colcon.colcon_core.verb:set package 'my_robot_description' build argument 'cmake_target' from command line to 'None'
[0.203s] Level 5:colcon.colcon_core.verb:set package 'my_robot_description' build argument 'cmake_target_skip_unavailable' from command line to 'False'
[0.203s] Level 5:colcon.colcon_core.verb:set package 'my_robot_description' build argument 'cmake_clean_cache' from command line to 'False'
[0.203s] Level 5:colcon.colcon_core.verb:set package 'my_robot_description' build argument 'cmake_clean_first' from command line to 'False'
[0.203s] Level 5:colcon.colcon_core.verb:set package 'my_robot_description' build argument 'cmake_force_configure' from command line to 'False'
[0.203s] Level 5:colcon.colcon_core.verb:set package 'my_robot_description' build argument 'ament_cmake_args' from command line to 'None'
[0.203s] Level 5:colcon.colcon_core.verb:set package 'my_robot_description' build argument 'catkin_cmake_args' from command line to 'None'
[0.203s] Level 5:colcon.colcon_core.verb:set package 'my_robot_description' build argument 'catkin_skip_building_tests' from command line to 'False'
[0.203s] DEBUG:colcon.colcon_core.verb:Building package 'my_robot_description' with the following arguments: {'ament_cmake_args': None, 'build_base': '/home/jay/ros2_ws/build/my_robot_description', 'catkin_cmake_args': None, 'catkin_skip_building_tests': False, 'cmake_args': None, 'cmake_clean_cache': False, 'cmake_clean_first': False, 'cmake_force_configure': False, 'cmake_target': None, 'cmake_target_skip_unavailable': False, 'install_base': '/home/jay/ros2_ws/install/my_robot_description', 'merge_install': False, 'path': '/home/jay/ros2_ws/src/my_robot_description', 'symlink_install': True, 'test_result_base': None}
[0.203s] Level 5:colcon.colcon_core.verb:set package 'my_robot_bringup' build argument 'cmake_args' from command line to 'None'
[0.203s] Level 5:colcon.colcon_core.verb:set package 'my_robot_bringup' build argument 'cmake_target' from command line to 'None'
[0.203s] Level 5:colcon.colcon_core.verb:set package 'my_robot_bringup' build argument 'cmake_target_skip_unavailable' from command line to 'False'
[0.203s] Level 5:colcon.colcon_core.verb:set package 'my_robot_bringup' build argument 'cmake_clean_cache' from command line to 'False'
[0.203s] Level 5:colcon.colcon_core.verb:set package 'my_robot_bringup' build argument 'cmake_clean_first' from command line to 'False'
[0.203s] Level 5:colcon.colcon_core.verb:set package 'my_robot_bringup' build argument 'cmake_force_configure' from command line to 'False'
[0.203s] Level 5:colcon.colcon_core.verb:set package 'my_robot_bringup' build argument 'ament_cmake_args' from command line to 'None'
[0.203s] Level 5:colcon.colcon_core.verb:set package 'my_robot_bringup' build argument 'catkin_cmake_args' from command line to 'None'
[0.203s] Level 5:colcon.colcon_core.verb:set package 'my_robot_bringup' build argument 'catkin_skip_building_tests' from command line to 'False'
[0.203s] DEBUG:colcon.colcon_core.verb:Building package 'my_robot_bringup' with the following arguments: {'ament_cmake_args': None, 'build_base': '/home/jay/ros2_ws/build/my_robot_bringup', 'catkin_cmake_args': None, 'catkin_skip_building_tests': False, 'cmake_args': None, 'cmake_clean_cache': False, 'cmake_clean_first': False, 'cmake_force_configure': False, 'cmake_target': None, 'cmake_target_skip_unavailable': False, 'install_base': '/home/jay/ros2_ws/install/my_robot_bringup', 'merge_install': False, 'path': '/home/jay/ros2_ws/src/my_robot_bringup', 'symlink_install': True, 'test_result_base': None}
[0.203s] INFO:colcon.colcon_core.executor:Executing jobs using 'parallel' executor
[0.204s] DEBUG:colcon.colcon_parallel_executor.executor.parallel:run_until_complete
[0.204s] INFO:colcon.colcon_ros.task.ament_cmake.build:Building ROS package in '/home/jay/ros2_ws/src/my_robot_description' with build type 'ament_cmake'
[0.204s] INFO:colcon.colcon_cmake.task.cmake.build:Building CMake package in '/home/jay/ros2_ws/src/my_robot_description'
[0.206s] INFO:colcon.colcon_core.plugin_system:Skipping extension 'colcon_core.shell.bat': Not used on non-Windows systems
[0.206s] INFO:colcon.colcon_core.shell:Skip shell extension 'powershell' for command environment: Not usable outside of PowerShell
[0.206s] DEBUG:colcon.colcon_core.shell:Skip shell extension 'dsv' for command environment
[0.209s] INFO:colcon.colcon_ros.task.ament_cmake.build:Building ROS package in '/home/jay/ros2_ws/src/my_cpp_pkg' with build type 'ament_cmake'
[0.209s] INFO:colcon.colcon_cmake.task.cmake.build:Building CMake package in '/home/jay/ros2_ws/src/my_cpp_pkg'
[0.209s] INFO:colcon.colcon_core.shell:Skip shell extension 'powershell' for command environment: Not usable outside of PowerShell
[0.209s] DEBUG:colcon.colcon_core.shell:Skip shell extension 'dsv' for command environment
[0.211s] INFO:colcon.colcon_ros.task.ament_python.build:Building ROS package in '/home/jay/ros2_ws/src/my_py_pkg' with build type 'ament_python'
[0.211s] Level 1:colcon.colcon_core.shell:create_environment_hook('my_py_pkg', 'ament_prefix_path')
[0.211s] INFO:colcon.colcon_core.shell:Creating environment hook '/home/jay/ros2_ws/install/my_py_pkg/share/my_py_pkg/hook/ament_prefix_path.ps1'
[0.212s] INFO:colcon.colcon_core.shell:Creating environment descriptor '/home/jay/ros2_ws/install/my_py_pkg/share/my_py_pkg/hook/ament_prefix_path.dsv'
[0.212s] INFO:colcon.colcon_core.shell:Creating environment hook '/home/jay/ros2_ws/install/my_py_pkg/share/my_py_pkg/hook/ament_prefix_path.sh'
[0.213s] INFO:colcon.colcon_core.shell:Skip shell extension 'powershell' for command environment: Not usable outside of PowerShell
[0.213s] DEBUG:colcon.colcon_core.shell:Skip shell extension 'dsv' for command environment
[0.219s] DEBUG:colcon.colcon_core.event_handler.log_command:Invoking command in '/home/jay/ros2_ws/build/my_robot_description': CMAKE_PREFIX_PATH=${CMAKE_PREFIX_PATH}:/home/jay/ros2_ws/install/my_py_pkg:/opt/ros/humble /usr/bin/cmake /home/jay/ros2_ws/src/my_robot_description -DAMENT_CMAKE_SYMLINK_INSTALL=1 -DCMAKE_INSTALL_PREFIX=/home/jay/ros2_ws/install/my_robot_description
[0.220s] DEBUG:colcon.colcon_core.event_handler.log_command:Invoking command in '/home/jay/ros2_ws/build/my_cpp_pkg': CMAKE_PREFIX_PATH=${CMAKE_PREFIX_PATH}:/home/jay/ros2_ws/install/my_py_pkg:/opt/ros/humble /usr/bin/cmake /home/jay/ros2_ws/src/my_cpp_pkg -DAMENT_CMAKE_SYMLINK_INSTALL=1 -DCMAKE_INSTALL_PREFIX=/home/jay/ros2_ws/install/my_cpp_pkg
[0.377s] INFO:colcon.colcon_core.task.python.build:Building Python package in '/home/jay/ros2_ws/src/my_py_pkg'
[0.377s] INFO:colcon.colcon_core.shell:Skip shell extension 'powershell' for command environment: Not usable outside of PowerShell
[0.378s] DEBUG:colcon.colcon_core.shell:Skip shell extension 'dsv' for command environment
[0.383s] DEBUG:colcon.colcon_core.event_handler.log_command:Invoked command in '/home/jay/ros2_ws/build/my_robot_description' returned '0': CMAKE_PREFIX_PATH=${CMAKE_PREFIX_PATH}:/home/jay/ros2_ws/install/my_py_pkg:/opt/ros/humble /usr/bin/cmake /home/jay/ros2_ws/src/my_robot_description -DAMENT_CMAKE_SYMLINK_INSTALL=1 -DCMAKE_INSTALL_PREFIX=/home/jay/ros2_ws/install/my_robot_description
[0.383s] DEBUG:colcon.colcon_core.event_handler.log_command:Invoking command in '/home/jay/ros2_ws/build/my_robot_description': CMAKE_PREFIX_PATH=${CMAKE_PREFIX_PATH}:/home/jay/ros2_ws/install/my_py_pkg:/opt/ros/humble /usr/bin/cmake --build /home/jay/ros2_ws/build/my_robot_description -- -j24 -l24
[0.410s] DEBUG:colcon.colcon_core.event_handler.log_command:Invoked command in '/home/jay/ros2_ws/build/my_robot_description' returned '0': CMAKE_PREFIX_PATH=${CMAKE_PREFIX_PATH}:/home/jay/ros2_ws/install/my_py_pkg:/opt/ros/humble /usr/bin/cmake --build /home/jay/ros2_ws/build/my_robot_description -- -j24 -l24
[0.431s] DEBUG:colcon.colcon_core.event_handler.log_command:Invoking command in '/home/jay/ros2_ws/build/my_robot_description': CMAKE_PREFIX_PATH=${CMAKE_PREFIX_PATH}:/home/jay/ros2_ws/install/my_py_pkg:/opt/ros/humble /usr/bin/cmake --install /home/jay/ros2_ws/build/my_robot_description
[0.568s] Level 1:colcon.colcon_core.environment:create_environment_scripts_only(my_robot_description)
[0.568s] DEBUG:colcon.colcon_core.event_handler.log_command:Invoked command in '/home/jay/ros2_ws/build/my_robot_description' returned '0': CMAKE_PREFIX_PATH=${CMAKE_PREFIX_PATH}:/home/jay/ros2_ws/install/my_py_pkg:/opt/ros/humble /usr/bin/cmake --install /home/jay/ros2_ws/build/my_robot_description
[0.570s] Level 1:colcon.colcon_core.environment:checking '/home/jay/ros2_ws/install/my_robot_description' for CMake module files
[0.571s] Level 1:colcon.colcon_core.environment:checking '/home/jay/ros2_ws/install/my_robot_description' for CMake config files
[0.571s] Level 1:colcon.colcon_core.shell:create_environment_hook('my_robot_description', 'cmake_prefix_path')
[0.571s] INFO:colcon.colcon_core.shell:Creating environment hook '/home/jay/ros2_ws/install/my_robot_description/share/my_robot_description/hook/cmake_prefix_path.ps1'
[0.572s] INFO:colcon.colcon_core.shell:Creating environment descriptor '/home/jay/ros2_ws/install/my_robot_description/share/my_robot_description/hook/cmake_prefix_path.dsv'
[0.572s] INFO:colcon.colcon_core.shell:Creating environment hook '/home/jay/ros2_ws/install/my_robot_description/share/my_robot_description/hook/cmake_prefix_path.sh'
[0.572s] Level 1:colcon.colcon_core.environment:checking '/home/jay/ros2_ws/install/my_robot_description/bin'
[0.572s] Level 1:colcon.colcon_core.environment:checking '/home/jay/ros2_ws/install/my_robot_description/lib/pkgconfig/my_robot_description.pc'
[0.572s] Level 1:colcon.colcon_core.environment:checking '/home/jay/ros2_ws/install/my_robot_description/lib/python3.10/site-packages'
[0.573s] Level 1:colcon.colcon_core.environment:checking '/home/jay/ros2_ws/install/my_robot_description/bin'
[0.573s] INFO:colcon.colcon_core.shell:Creating package script '/home/jay/ros2_ws/install/my_robot_description/share/my_robot_description/package.ps1'
[0.573s] INFO:colcon.colcon_core.shell:Creating package descriptor '/home/jay/ros2_ws/install/my_robot_description/share/my_robot_description/package.dsv'
[0.574s] INFO:colcon.colcon_core.shell:Creating package script '/home/jay/ros2_ws/install/my_robot_description/share/my_robot_description/package.sh'
[0.574s] INFO:colcon.colcon_core.shell:Creating package script '/home/jay/ros2_ws/install/my_robot_description/share/my_robot_description/package.bash'
[0.575s] INFO:colcon.colcon_core.shell:Creating package script '/home/jay/ros2_ws/install/my_robot_description/share/my_robot_description/package.zsh'
[0.575s] Level 1:colcon.colcon_core.environment:create_file_with_runtime_dependencies(/home/jay/ros2_ws/install/my_robot_description/share/colcon-core/packages/my_robot_description)
[0.590s] Level 1:colcon.colcon_core.environment:create_environment_scripts_only(my_robot_description)
[0.590s] Level 1:colcon.colcon_core.environment:checking '/home/jay/ros2_ws/install/my_robot_description' for CMake module files
[0.591s] Level 1:colcon.colcon_core.environment:checking '/home/jay/ros2_ws/install/my_robot_description' for CMake config files
[0.591s] Level 1:colcon.colcon_core.shell:create_environment_hook('my_robot_description', 'cmake_prefix_path')
[0.591s] INFO:colcon.colcon_core.shell:Creating environment hook '/home/jay/ros2_ws/install/my_robot_description/share/my_robot_description/hook/cmake_prefix_path.ps1'
[0.591s] INFO:colcon.colcon_core.shell:Creating environment descriptor '/home/jay/ros2_ws/install/my_robot_description/share/my_robot_description/hook/cmake_prefix_path.dsv'
[0.592s] INFO:colcon.colcon_core.shell:Creating environment hook '/home/jay/ros2_ws/install/my_robot_description/share/my_robot_description/hook/cmake_prefix_path.sh'
[0.592s] Level 1:colcon.colcon_core.environment:checking '/home/jay/ros2_ws/install/my_robot_description/bin'
[0.592s] Level 1:colcon.colcon_core.environment:checking '/home/jay/ros2_ws/install/my_robot_description/lib/pkgconfig/my_robot_description.pc'
[0.592s] Level 1:colcon.colcon_core.environment:checking '/home/jay/ros2_ws/install/my_robot_description/lib/python3.10/site-packages'
[0.592s] Level 1:colcon.colcon_core.environment:checking '/home/jay/ros2_ws/install/my_robot_description/bin'
[0.592s] INFO:colcon.colcon_core.shell:Creating package script '/home/jay/ros2_ws/install/my_robot_description/share/my_robot_description/package.ps1'
[0.593s] INFO:colcon.colcon_core.shell:Creating package descriptor '/home/jay/ros2_ws/install/my_robot_description/share/my_robot_description/package.dsv'
[0.593s] INFO:colcon.colcon_core.shell:Creating package script '/home/jay/ros2_ws/install/my_robot_description/share/my_robot_description/package.sh'
[0.593s] INFO:colcon.colcon_core.shell:Creating package script '/home/jay/ros2_ws/install/my_robot_description/share/my_robot_description/package.bash'
[0.593s] INFO:colcon.colcon_core.shell:Creating package script '/home/jay/ros2_ws/install/my_robot_description/share/my_robot_description/package.zsh'
[0.594s] Level 1:colcon.colcon_core.environment:create_file_with_runtime_dependencies(/home/jay/ros2_ws/install/my_robot_description/share/colcon-core/packages/my_robot_description)
[0.594s] INFO:colcon.colcon_ros.task.ament_cmake.build:Building ROS package in '/home/jay/ros2_ws/src/my_robot_bringup' with build type 'ament_cmake'
[0.594s] INFO:colcon.colcon_cmake.task.cmake.build:Building CMake package in '/home/jay/ros2_ws/src/my_robot_bringup'
[0.594s] INFO:colcon.colcon_core.shell:Skip shell extension 'powershell' for command environment: Not usable outside of PowerShell
[0.594s] DEBUG:colcon.colcon_core.shell:Skip shell extension 'dsv' for command environment
[0.600s] DEBUG:colcon.colcon_core.event_handler.log_command:Invoking command in '/home/jay/ros2_ws/build/my_robot_bringup': CMAKE_PREFIX_PATH=${CMAKE_PREFIX_PATH}:/home/jay/ros2_ws/install/my_py_pkg:/opt/ros/humble /usr/bin/cmake /home/jay/ros2_ws/src/my_robot_bringup -DAMENT_CMAKE_SYMLINK_INSTALL=1 -DCMAKE_INSTALL_PREFIX=/home/jay/ros2_ws/install/my_robot_bringup
[0.641s] DEBUG:colcon.colcon_core.task.python.build:While undoing a previous installation files outside the Python library path are being ignored: /home/jay/ros2_ws/install/my_py_pkg/share/ament_index/resource_index/packages/my_py_pkg
[0.641s] DEBUG:colcon.colcon_core.task.python.build:While undoing a previous installation files outside the Python library path are being ignored: /home/jay/ros2_ws/install/my_py_pkg/share/my_py_pkg/package.xml
[0.641s] DEBUG:colcon.colcon_core.task.python.build:While undoing a previous installation files outside the Python library path are being ignored: /home/jay/ros2_ws/install/my_py_pkg/lib/my_py_pkg/add_two_ints_client
[0.641s] DEBUG:colcon.colcon_core.task.python.build:While undoing a previous installation files outside the Python library path are being ignored: /home/jay/ros2_ws/install/my_py_pkg/lib/my_py_pkg/add_two_ints_client_no_oop
[0.641s] DEBUG:colcon.colcon_core.task.python.build:While undoing a previous installation files outside the Python library path are being ignored: /home/jay/ros2_ws/install/my_py_pkg/lib/my_py_pkg/add_two_ints_server
[0.641s] DEBUG:colcon.colcon_core.task.python.build:While undoing a previous installation files outside the Python library path are being ignored: /home/jay/ros2_ws/install/my_py_pkg/lib/my_py_pkg/number_counter
[0.641s] DEBUG:colcon.colcon_core.task.python.build:While undoing a previous installation files outside the Python library path are being ignored: /home/jay/ros2_ws/install/my_py_pkg/lib/my_py_pkg/number_publisher
[0.641s] DEBUG:colcon.colcon_core.task.python.build:While undoing a previous installation files outside the Python library path are being ignored: /home/jay/ros2_ws/install/my_py_pkg/lib/my_py_pkg/py_node
[0.641s] DEBUG:colcon.colcon_core.task.python.build:While undoing a previous installation files outside the Python library path are being ignored: /home/jay/ros2_ws/install/my_py_pkg/lib/my_py_pkg/robot_news_station
[0.641s] DEBUG:colcon.colcon_core.task.python.build:While undoing a previous installation files outside the Python library path are being ignored: /home/jay/ros2_ws/install/my_py_pkg/lib/my_py_pkg/smartphone
[0.643s] DEBUG:colcon.colcon_core.event_handler.log_command:Invoking command in '/home/jay/ros2_ws/build/my_py_pkg': PYTHONPATH=/home/jay/ros2_ws/build/my_py_pkg/prefix_override:/home/jay/ros2_ws/install/my_py_pkg/lib/python3.10/site-packages:${PYTHONPATH} /usr/bin/python3 -W ignore:setup.py install is deprecated setup.py develop --editable --build-directory /home/jay/ros2_ws/build/my_py_pkg/build --no-deps symlink_data --force
[0.833s] DEBUG:colcon.colcon_core.event_handler.log_command:Invoked command in '/home/jay/ros2_ws/build/my_cpp_pkg' returned '0': CMAKE_PREFIX_PATH=${CMAKE_PREFIX_PATH}:/home/jay/ros2_ws/install/my_py_pkg:/opt/ros/humble /usr/bin/cmake /home/jay/ros2_ws/src/my_cpp_pkg -DAMENT_CMAKE_SYMLINK_INSTALL=1 -DCMAKE_INSTALL_PREFIX=/home/jay/ros2_ws/install/my_cpp_pkg
[0.835s] DEBUG:colcon.colcon_core.event_handler.log_command:Invoking command in '/home/jay/ros2_ws/build/my_cpp_pkg': CMAKE_PREFIX_PATH=${CMAKE_PREFIX_PATH}:/home/jay/ros2_ws/install/my_py_pkg:/opt/ros/humble /usr/bin/cmake --build /home/jay/ros2_ws/build/my_cpp_pkg -- -j24 -l24
[0.995s] Level 1:colcon.colcon_core.shell:create_environment_hook('my_py_pkg', 'pythonpath_develop')
[0.996s] INFO:colcon.colcon_core.shell:Creating environment hook '/home/jay/ros2_ws/build/my_py_pkg/share/my_py_pkg/hook/pythonpath_develop.ps1'
[0.997s] DEBUG:colcon.colcon_core.event_handler.log_command:Invoked command in '/home/jay/ros2_ws/build/my_py_pkg' returned '0': PYTHONPATH=/home/jay/ros2_ws/build/my_py_pkg/prefix_override:/home/jay/ros2_ws/install/my_py_pkg/lib/python3.10/site-packages:${PYTHONPATH} /usr/bin/python3 -W ignore:setup.py install is deprecated setup.py develop --editable --build-directory /home/jay/ros2_ws/build/my_py_pkg/build --no-deps symlink_data --force
[0.997s] INFO:colcon.colcon_core.shell:Creating environment descriptor '/home/jay/ros2_ws/build/my_py_pkg/share/my_py_pkg/hook/pythonpath_develop.dsv'
[0.998s] INFO:colcon.colcon_core.shell:Creating environment hook '/home/jay/ros2_ws/build/my_py_pkg/share/my_py_pkg/hook/pythonpath_develop.sh'
[0.999s] Level 1:colcon.colcon_core.environment:checking '/home/jay/ros2_ws/install/my_py_pkg' for CMake module files
[1.000s] Level 1:colcon.colcon_core.environment:checking '/home/jay/ros2_ws/install/my_py_pkg' for CMake config files
[1.001s] Level 1:colcon.colcon_core.environment:checking '/home/jay/ros2_ws/install/my_py_pkg/lib'
[1.002s] Level 1:colcon.colcon_core.environment:checking '/home/jay/ros2_ws/install/my_py_pkg/bin'
[1.002s] Level 1:colcon.colcon_core.environment:checking '/home/jay/ros2_ws/install/my_py_pkg/lib/pkgconfig/my_py_pkg.pc'
[1.002s] Level 1:colcon.colcon_core.environment:checking '/home/jay/ros2_ws/install/my_py_pkg/lib/python3.10/site-packages'
[1.002s] Level 1:colcon.colcon_core.shell:create_environment_hook('my_py_pkg', 'pythonpath')
[1.003s] INFO:colcon.colcon_core.shell:Creating environment hook '/home/jay/ros2_ws/install/my_py_pkg/share/my_py_pkg/hook/pythonpath.ps1'
[1.003s] INFO:colcon.colcon_core.shell:Creating environment descriptor '/home/jay/ros2_ws/install/my_py_pkg/share/my_py_pkg/hook/pythonpath.dsv'
[1.004s] INFO:colcon.colcon_core.shell:Creating environment hook '/home/jay/ros2_ws/install/my_py_pkg/share/my_py_pkg/hook/pythonpath.sh'
[1.005s] Level 1:colcon.colcon_core.environment:checking '/home/jay/ros2_ws/install/my_py_pkg/bin'
[1.005s] Level 1:colcon.colcon_core.environment:create_environment_scripts_only(my_py_pkg)
[1.006s] INFO:colcon.colcon_core.shell:Creating package script '/home/jay/ros2_ws/install/my_py_pkg/share/my_py_pkg/package.ps1'
[1.007s] INFO:colcon.colcon_core.shell:Creating package descriptor '/home/jay/ros2_ws/install/my_py_pkg/share/my_py_pkg/package.dsv'
[1.007s] INFO:colcon.colcon_core.shell:Creating package script '/home/jay/ros2_ws/install/my_py_pkg/share/my_py_pkg/package.sh'
[1.008s] INFO:colcon.colcon_core.shell:Creating package script '/home/jay/ros2_ws/install/my_py_pkg/share/my_py_pkg/package.bash'
[1.009s] INFO:colcon.colcon_core.shell:Creating package script '/home/jay/ros2_ws/install/my_py_pkg/share/my_py_pkg/package.zsh'
[1.009s] Level 1:colcon.colcon_core.environment:create_file_with_runtime_dependencies(/home/jay/ros2_ws/install/my_py_pkg/share/colcon-core/packages/my_py_pkg)
[1.171s] DEBUG:colcon.colcon_core.event_handler.log_command:Invoked command in '/home/jay/ros2_ws/build/my_robot_bringup' returned '0': CMAKE_PREFIX_PATH=${CMAKE_PREFIX_PATH}:/home/jay/ros2_ws/install/my_py_pkg:/opt/ros/humble /usr/bin/cmake /home/jay/ros2_ws/src/my_robot_bringup -DAMENT_CMAKE_SYMLINK_INSTALL=1 -DCMAKE_INSTALL_PREFIX=/home/jay/ros2_ws/install/my_robot_bringup
[1.173s] DEBUG:colcon.colcon_core.event_handler.log_command:Invoking command in '/home/jay/ros2_ws/build/my_robot_bringup': CMAKE_PREFIX_PATH=${CMAKE_PREFIX_PATH}:/home/jay/ros2_ws/install/my_py_pkg:/opt/ros/humble /usr/bin/cmake --build /home/jay/ros2_ws/build/my_robot_bringup -- -j24 -l24
[1.206s] DEBUG:colcon.colcon_core.event_handler.log_command:Invoked command in '/home/jay/ros2_ws/build/my_robot_bringup' returned '0': CMAKE_PREFIX_PATH=${CMAKE_PREFIX_PATH}:/home/jay/ros2_ws/install/my_py_pkg:/opt/ros/humble /usr/bin/cmake --build /home/jay/ros2_ws/build/my_robot_bringup -- -j24 -l24
[1.224s] DEBUG:colcon.colcon_core.event_handler.log_command:Invoking command in '/home/jay/ros2_ws/build/my_robot_bringup': CMAKE_PREFIX_PATH=${CMAKE_PREFIX_PATH}:/home/jay/ros2_ws/install/my_py_pkg:/opt/ros/humble /usr/bin/cmake --install /home/jay/ros2_ws/build/my_robot_bringup
[1.357s] Level 1:colcon.colcon_core.environment:create_environment_scripts_only(my_robot_bringup)
[1.358s] Level 1:colcon.colcon_core.environment:checking '/home/jay/ros2_ws/install/my_robot_bringup' for CMake module files
[1.358s] DEBUG:colcon.colcon_core.event_handler.log_command:Invoked command in '/home/jay/ros2_ws/build/my_robot_bringup' returned '0': CMAKE_PREFIX_PATH=${CMAKE_PREFIX_PATH}:/home/jay/ros2_ws/install/my_py_pkg:/opt/ros/humble /usr/bin/cmake --install /home/jay/ros2_ws/build/my_robot_bringup
[1.359s] Level 1:colcon.colcon_core.environment:checking '/home/jay/ros2_ws/install/my_robot_bringup' for CMake config files
[1.359s] Level 1:colcon.colcon_core.shell:create_environment_hook('my_robot_bringup', 'cmake_prefix_path')
[1.360s] INFO:colcon.colcon_core.shell:Creating environment hook '/home/jay/ros2_ws/install/my_robot_bringup/share/my_robot_bringup/hook/cmake_prefix_path.ps1'
[1.360s] INFO:colcon.colcon_core.shell:Creating environment descriptor '/home/jay/ros2_ws/install/my_robot_bringup/share/my_robot_bringup/hook/cmake_prefix_path.dsv'
[1.361s] INFO:colcon.colcon_core.shell:Creating environment hook '/home/jay/ros2_ws/install/my_robot_bringup/share/my_robot_bringup/hook/cmake_prefix_path.sh'
[1.361s] Level 1:colcon.colcon_core.environment:checking '/home/jay/ros2_ws/install/my_robot_bringup/bin'
[1.361s] Level 1:colcon.colcon_core.environment:checking '/home/jay/ros2_ws/install/my_robot_bringup/lib/pkgconfig/my_robot_bringup.pc'
[1.362s] Level 1:colcon.colcon_core.environment:checking '/home/jay/ros2_ws/install/my_robot_bringup/lib/python3.10/site-packages'
[1.362s] Level 1:colcon.colcon_core.environment:checking '/home/jay/ros2_ws/install/my_robot_bringup/bin'
[1.362s] INFO:colcon.colcon_core.shell:Creating package script '/home/jay/ros2_ws/install/my_robot_bringup/share/my_robot_bringup/package.ps1'
[1.363s] INFO:colcon.colcon_core.shell:Creating package descriptor '/home/jay/ros2_ws/install/my_robot_bringup/share/my_robot_bringup/package.dsv'
[1.363s] INFO:colcon.colcon_core.shell:Creating package script '/home/jay/ros2_ws/install/my_robot_bringup/share/my_robot_bringup/package.sh'
[1.364s] INFO:colcon.colcon_core.shell:Creating package script '/home/jay/ros2_ws/install/my_robot_bringup/share/my_robot_bringup/package.bash'
[1.364s] INFO:colcon.colcon_core.shell:Creating package script '/home/jay/ros2_ws/install/my_robot_bringup/share/my_robot_bringup/package.zsh'
[1.365s] Level 1:colcon.colcon_core.environment:create_file_with_runtime_dependencies(/home/jay/ros2_ws/install/my_robot_bringup/share/colcon-core/packages/my_robot_bringup)
[1.384s] Level 1:colcon.colcon_core.environment:create_environment_scripts_only(my_robot_bringup)
[1.384s] Level 1:colcon.colcon_core.environment:checking '/home/jay/ros2_ws/install/my_robot_bringup' for CMake module files
[1.385s] Level 1:colcon.colcon_core.environment:checking '/home/jay/ros2_ws/install/my_robot_bringup' for CMake config files
[1.385s] Level 1:colcon.colcon_core.shell:create_environment_hook('my_robot_bringup', 'cmake_prefix_path')
[1.385s] INFO:colcon.colcon_core.shell:Creating environment hook '/home/jay/ros2_ws/install/my_robot_bringup/share/my_robot_bringup/hook/cmake_prefix_path.ps1'
[1.386s] INFO:colcon.colcon_core.shell:Creating environment descriptor '/home/jay/ros2_ws/install/my_robot_bringup/share/my_robot_bringup/hook/cmake_prefix_path.dsv'
[1.386s] INFO:colcon.colcon_core.shell:Creating environment hook '/home/jay/ros2_ws/install/my_robot_bringup/share/my_robot_bringup/hook/cmake_prefix_path.sh'
[1.386s] Level 1:colcon.colcon_core.environment:checking '/home/jay/ros2_ws/install/my_robot_bringup/bin'
[1.386s] Level 1:colcon.colcon_core.environment:checking '/home/jay/ros2_ws/install/my_robot_bringup/lib/pkgconfig/my_robot_bringup.pc'
[1.387s] Level 1:colcon.colcon_core.environment:checking '/home/jay/ros2_ws/install/my_robot_bringup/lib/python3.10/site-packages'
[1.387s] Level 1:colcon.colcon_core.environment:checking '/home/jay/ros2_ws/install/my_robot_bringup/bin'
[1.387s] INFO:colcon.colcon_core.shell:Creating package script '/home/jay/ros2_ws/install/my_robot_bringup/share/my_robot_bringup/package.ps1'
[1.387s] INFO:colcon.colcon_core.shell:Creating package descriptor '/home/jay/ros2_ws/install/my_robot_bringup/share/my_robot_bringup/package.dsv'
[1.388s] INFO:colcon.colcon_core.shell:Creating package script '/home/jay/ros2_ws/install/my_robot_bringup/share/my_robot_bringup/package.sh'
[1.388s] INFO:colcon.colcon_core.shell:Creating package script '/home/jay/ros2_ws/install/my_robot_bringup/share/my_robot_bringup/package.bash'
[1.389s] INFO:colcon.colcon_core.shell:Creating package script '/home/jay/ros2_ws/install/my_robot_bringup/share/my_robot_bringup/package.zsh'
[1.389s] Level 1:colcon.colcon_core.environment:create_file_with_runtime_dependencies(/home/jay/ros2_ws/install/my_robot_bringup/share/colcon-core/packages/my_robot_bringup)
[3.003s] DEBUG:colcon.colcon_core.event_handler.log_command:Invoked command in '/home/jay/ros2_ws/build/my_cpp_pkg' returned '2': CMAKE_PREFIX_PATH=${CMAKE_PREFIX_PATH}:/home/jay/ros2_ws/install/my_py_pkg:/opt/ros/humble /usr/bin/cmake --build /home/jay/ros2_ws/build/my_cpp_pkg -- -j24 -l24
[3.026s] Level 1:colcon.colcon_core.environment:create_environment_scripts_only(my_cpp_pkg)
[3.027s] Level 1:colcon.colcon_core.environment:checking '/home/jay/ros2_ws/install/my_cpp_pkg' for CMake module files
[3.027s] Level 1:colcon.colcon_core.environment:checking '/home/jay/ros2_ws/install/my_cpp_pkg' for CMake config files
[3.027s] Level 1:colcon.colcon_core.shell:create_environment_hook('my_cpp_pkg', 'cmake_prefix_path')
[3.027s] INFO:colcon.colcon_core.shell:Creating environment hook '/home/jay/ros2_ws/install/my_cpp_pkg/share/my_cpp_pkg/hook/cmake_prefix_path.ps1'
[3.027s] INFO:colcon.colcon_core.shell:Creating environment descriptor '/home/jay/ros2_ws/install/my_cpp_pkg/share/my_cpp_pkg/hook/cmake_prefix_path.dsv'
[3.027s] INFO:colcon.colcon_core.shell:Creating environment hook '/home/jay/ros2_ws/install/my_cpp_pkg/share/my_cpp_pkg/hook/cmake_prefix_path.sh'
[3.028s] Level 1:colcon.colcon_core.environment:checking '/home/jay/ros2_ws/install/my_cpp_pkg/lib'
[3.028s] Level 1:colcon.colcon_core.environment:checking '/home/jay/ros2_ws/install/my_cpp_pkg/bin'
[3.028s] Level 1:colcon.colcon_core.environment:checking '/home/jay/ros2_ws/install/my_cpp_pkg/lib/pkgconfig/my_cpp_pkg.pc'
[3.028s] Level 1:colcon.colcon_core.environment:checking '/home/jay/ros2_ws/install/my_cpp_pkg/lib/python3.10/site-packages'
[3.028s] Level 1:colcon.colcon_core.environment:checking '/home/jay/ros2_ws/install/my_cpp_pkg/bin'
[3.028s] INFO:colcon.colcon_core.shell:Creating package script '/home/jay/ros2_ws/install/my_cpp_pkg/share/my_cpp_pkg/package.ps1'
[3.029s] INFO:colcon.colcon_core.shell:Creating package descriptor '/home/jay/ros2_ws/install/my_cpp_pkg/share/my_cpp_pkg/package.dsv'
[3.029s] INFO:colcon.colcon_core.shell:Creating package script '/home/jay/ros2_ws/install/my_cpp_pkg/share/my_cpp_pkg/package.sh'
[3.029s] INFO:colcon.colcon_core.shell:Creating package script '/home/jay/ros2_ws/install/my_cpp_pkg/share/my_cpp_pkg/package.bash'
[3.029s] INFO:colcon.colcon_core.shell:Creating package script '/home/jay/ros2_ws/install/my_cpp_pkg/share/my_cpp_pkg/package.zsh'
[3.029s] Level 1:colcon.colcon_core.environment:create_file_with_runtime_dependencies(/home/jay/ros2_ws/install/my_cpp_pkg/share/colcon-core/packages/my_cpp_pkg)
[3.040s] DEBUG:colcon.colcon_parallel_executor.executor.parallel:closing loop
[3.040s] DEBUG:colcon.colcon_parallel_executor.executor.parallel:loop closed
[3.040s] DEBUG:colcon.colcon_parallel_executor.executor.parallel:run_until_complete finished with '2'
[3.040s] DEBUG:colcon.colcon_core.event_reactor:joining thread
[3.048s] INFO:colcon.colcon_core.plugin_system:Skipping extension 'colcon_notification.desktop_notification.terminal_notifier': Not used on non-Darwin systems
[3.048s] INFO:colcon.colcon_core.plugin_system:Skipping extension 'colcon_notification.desktop_notification.win32': Not used on non-Windows systems
[3.048s] INFO:colcon.colcon_notification.desktop_notification:Sending desktop notification using 'notify2'
[3.060s] DEBUG:colcon.colcon_core.event_reactor:joined thread
[3.060s] INFO:colcon.colcon_core.shell:Creating prefix script '/home/jay/ros2_ws/install/local_setup.ps1'
[3.062s] INFO:colcon.colcon_core.shell:Creating prefix util module '/home/jay/ros2_ws/install/_local_setup_util_ps1.py'
[3.063s] INFO:colcon.colcon_core.shell:Creating prefix chain script '/home/jay/ros2_ws/install/setup.ps1'
[3.064s] INFO:colcon.colcon_core.shell:Creating prefix script '/home/jay/ros2_ws/install/local_setup.sh'
[3.065s] INFO:colcon.colcon_core.shell:Creating prefix util module '/home/jay/ros2_ws/install/_local_setup_util_sh.py'
[3.065s] INFO:colcon.colcon_core.shell:Creating prefix chain script '/home/jay/ros2_ws/install/setup.sh'
[3.066s] INFO:colcon.colcon_core.shell:Creating prefix script '/home/jay/ros2_ws/install/local_setup.bash'
[3.067s] INFO:colcon.colcon_core.shell:Creating prefix chain script '/home/jay/ros2_ws/install/setup.bash'
[3.068s] INFO:colcon.colcon_core.shell:Creating prefix script '/home/jay/ros2_ws/install/local_setup.zsh'
[3.069s] INFO:colcon.colcon_core.shell:Creating prefix chain script '/home/jay/ros2_ws/install/setup.zsh'
