[0.081s] DEBUG:colcon:Command line arguments: ['/usr/bin/colcon', 'list', '-p', '--base-paths', '/home/jay/workspace']
[0.081s] DEBUG:colcon:Parsed command line arguments: Namespace(log_base=None, log_level=None, verb_name='list', build_base='build', ignore_user_meta=False, metas=['./colcon.meta'], base_paths=['/home/jay/workspace'], packages_ignore=None, packages_ignore_regex=None, paths=None, packages_up_to=None, packages_up_to_regex=None, packages_above=None, packages_above_and_dependencies=None, packages_above_depth=None, packages_select_by_dep=None, packages_skip_by_dep=None, packages_skip_up_to=None, packages_select_build_failed=False, packages_skip_build_finished=False, packages_select_test_failures=False, packages_skip_test_passed=False, packages_select=None, packages_skip=None, packages_select_regex=None, packages_skip_regex=None, packages_start=None, packages_end=None, allow_overriding=[], topological_order=False, names_only=False, paths_only=True, topological_graph=False, topological_graph_dot=False, topological_graph_density=False, topological_graph_legend=False, topological_graph_dot_cluster=False, topological_graph_dot_include_skipped=False, verb_parser=<colcon_defaults.argument_parser.defaults.DefaultArgumentsDecorator object at 0x72bd6c714ee0>, verb_extension=<colcon_package_information.verb.list.ListVerb object at 0x72bd6c7140d0>, main=<bound method ListVerb.main of <colcon_package_information.verb.list.ListVerb object at 0x72bd6c7140d0>>)
[0.206s] Level 1:colcon.colcon_core.package_discovery:discover_packages(colcon_meta) check parameters
[0.206s] Level 1:colcon.colcon_core.package_discovery:discover_packages(recursive) check parameters
[0.206s] Level 1:colcon.colcon_core.package_discovery:discover_packages(ignore) check parameters
[0.206s] Level 1:colcon.colcon_core.package_discovery:discover_packages(path) check parameters
[0.206s] Level 1:colcon.colcon_core.package_discovery:discover_packages(recursive) discover
[0.206s] INFO:colcon.colcon_core.package_discovery:Crawling recursively for packages in '/home/jay/workspace'
[0.206s] Level 1:colcon.colcon_core.package_identification:_identify(/home/jay/workspace) by extensions ['ignore', 'ignore_ament_install']
[0.206s] Level 1:colcon.colcon_core.package_identification:_identify(/home/jay/workspace) by extension 'ignore'
[0.207s] Level 1:colcon.colcon_core.package_identification:_identify(/home/jay/workspace) by extension 'ignore_ament_install'
[0.207s] Level 1:colcon.colcon_core.package_identification:_identify(/home/jay/workspace) by extensions ['colcon_pkg']
[0.207s] Level 1:colcon.colcon_core.package_identification:_identify(/home/jay/workspace) by extension 'colcon_pkg'
[0.207s] Level 1:colcon.colcon_core.package_identification:_identify(/home/jay/workspace) by extensions ['colcon_meta']
[0.207s] Level 1:colcon.colcon_core.package_identification:_identify(/home/jay/workspace) by extension 'colcon_meta'
[0.207s] Level 1:colcon.colcon_core.package_identification:_identify(/home/jay/workspace) by extensions ['ros']
[0.207s] Level 1:colcon.colcon_core.package_identification:_identify(/home/jay/workspace) by extension 'ros'
[0.217s] Level 1:colcon.colcon_core.package_identification:_identify(/home/jay/workspace) by extensions ['cmake', 'python']
[0.217s] Level 1:colcon.colcon_core.package_identification:_identify(/home/jay/workspace) by extension 'cmake'
[0.217s] Level 1:colcon.colcon_core.package_identification:_identify(/home/jay/workspace) by extension 'python'
[0.217s] Level 1:colcon.colcon_core.package_identification:_identify(/home/jay/workspace) by extensions ['python_setup_py']
[0.217s] Level 1:colcon.colcon_core.package_identification:_identify(/home/jay/workspace) by extension 'python_setup_py'
[0.218s] Level 1:colcon.colcon_core.package_identification:_identify(/home/jay/workspace/build) by extensions ['ignore', 'ignore_ament_install']
[0.218s] Level 1:colcon.colcon_core.package_identification:_identify(/home/jay/workspace/build) by extension 'ignore'
[0.218s] Level 1:colcon.colcon_core.package_identification:_identify(/home/jay/workspace/build) ignored
[0.218s] Level 1:colcon.colcon_core.package_identification:_identify(/home/jay/workspace/install) by extensions ['ignore', 'ignore_ament_install']
[0.218s] Level 1:colcon.colcon_core.package_identification:_identify(/home/jay/workspace/install) by extension 'ignore'
[0.218s] Level 1:colcon.colcon_core.package_identification:_identify(/home/jay/workspace/install) ignored
[0.218s] Level 1:colcon.colcon_core.package_identification:_identify(/home/jay/workspace/log) by extensions ['ignore', 'ignore_ament_install']
[0.218s] Level 1:colcon.colcon_core.package_identification:_identify(/home/jay/workspace/log) by extension 'ignore'
[0.218s] Level 1:colcon.colcon_core.package_identification:_identify(/home/jay/workspace/log) ignored
[0.218s] Level 1:colcon.colcon_core.package_identification:_identify(/home/jay/workspace/src) by extensions ['ignore', 'ignore_ament_install']
[0.218s] Level 1:colcon.colcon_core.package_identification:_identify(/home/jay/workspace/src) by extension 'ignore'
[0.218s] Level 1:colcon.colcon_core.package_identification:_identify(/home/jay/workspace/src) by extension 'ignore_ament_install'
[0.219s] Level 1:colcon.colcon_core.package_identification:_identify(/home/jay/workspace/src) by extensions ['colcon_pkg']
[0.219s] Level 1:colcon.colcon_core.package_identification:_identify(/home/jay/workspace/src) by extension 'colcon_pkg'
[0.219s] Level 1:colcon.colcon_core.package_identification:_identify(/home/jay/workspace/src) by extensions ['colcon_meta']
[0.219s] Level 1:colcon.colcon_core.package_identification:_identify(/home/jay/workspace/src) by extension 'colcon_meta'
[0.219s] Level 1:colcon.colcon_core.package_identification:_identify(/home/jay/workspace/src) by extensions ['ros']
[0.219s] Level 1:colcon.colcon_core.package_identification:_identify(/home/jay/workspace/src) by extension 'ros'
[0.219s] Level 1:colcon.colcon_core.package_identification:_identify(/home/jay/workspace/src) by extensions ['cmake', 'python']
[0.219s] Level 1:colcon.colcon_core.package_identification:_identify(/home/jay/workspace/src) by extension 'cmake'
[0.219s] Level 1:colcon.colcon_core.package_identification:_identify(/home/jay/workspace/src) by extension 'python'
[0.219s] Level 1:colcon.colcon_core.package_identification:_identify(/home/jay/workspace/src) by extensions ['python_setup_py']
[0.219s] Level 1:colcon.colcon_core.package_identification:_identify(/home/jay/workspace/src) by extension 'python_setup_py'
[0.219s] Level 1:colcon.colcon_core.package_identification:_identify(/home/jay/workspace/src/build) by extensions ['ignore', 'ignore_ament_install']
[0.219s] Level 1:colcon.colcon_core.package_identification:_identify(/home/jay/workspace/src/build) by extension 'ignore'
[0.219s] Level 1:colcon.colcon_core.package_identification:_identify(/home/jay/workspace/src/build) ignored
[0.219s] Level 1:colcon.colcon_core.package_identification:_identify(/home/jay/workspace/src/install) by extensions ['ignore', 'ignore_ament_install']
[0.219s] Level 1:colcon.colcon_core.package_identification:_identify(/home/jay/workspace/src/install) by extension 'ignore'
[0.219s] Level 1:colcon.colcon_core.package_identification:_identify(/home/jay/workspace/src/install) ignored
[0.219s] Level 1:colcon.colcon_core.package_identification:_identify(/home/jay/workspace/src/log) by extensions ['ignore', 'ignore_ament_install']
[0.219s] Level 1:colcon.colcon_core.package_identification:_identify(/home/jay/workspace/src/log) by extension 'ignore'
[0.219s] Level 1:colcon.colcon_core.package_identification:_identify(/home/jay/workspace/src/log) ignored
[0.219s] Level 1:colcon.colcon_core.package_identification:_identify(/home/jay/workspace/src/my_cpp_pkg) by extensions ['ignore', 'ignore_ament_install']
[0.219s] Level 1:colcon.colcon_core.package_identification:_identify(/home/jay/workspace/src/my_cpp_pkg) by extension 'ignore'
[0.219s] Level 1:colcon.colcon_core.package_identification:_identify(/home/jay/workspace/src/my_cpp_pkg) by extension 'ignore_ament_install'
[0.219s] Level 1:colcon.colcon_core.package_identification:_identify(/home/jay/workspace/src/my_cpp_pkg) by extensions ['colcon_pkg']
[0.220s] Level 1:colcon.colcon_core.package_identification:_identify(/home/jay/workspace/src/my_cpp_pkg) by extension 'colcon_pkg'
[0.220s] Level 1:colcon.colcon_core.package_identification:_identify(/home/jay/workspace/src/my_cpp_pkg) by extensions ['colcon_meta']
[0.220s] Level 1:colcon.colcon_core.package_identification:_identify(/home/jay/workspace/src/my_cpp_pkg) by extension 'colcon_meta'
[0.220s] Level 1:colcon.colcon_core.package_identification:_identify(/home/jay/workspace/src/my_cpp_pkg) by extensions ['ros']
[0.220s] Level 1:colcon.colcon_core.package_identification:_identify(/home/jay/workspace/src/my_cpp_pkg) by extension 'ros'
[0.222s] DEBUG:colcon.colcon_core.package_identification:Package '/home/jay/workspace/src/my_cpp_pkg' with type 'ros.ament_cmake' and name 'my_cpp_pkg'
[0.222s] Level 1:colcon.colcon_core.package_identification:_identify(/home/jay/workspace/src/my_py_pkg) by extensions ['ignore', 'ignore_ament_install']
[0.222s] Level 1:colcon.colcon_core.package_identification:_identify(/home/jay/workspace/src/my_py_pkg) by extension 'ignore'
[0.222s] Level 1:colcon.colcon_core.package_identification:_identify(/home/jay/workspace/src/my_py_pkg) by extension 'ignore_ament_install'
[0.222s] Level 1:colcon.colcon_core.package_identification:_identify(/home/jay/workspace/src/my_py_pkg) by extensions ['colcon_pkg']
[0.222s] Level 1:colcon.colcon_core.package_identification:_identify(/home/jay/workspace/src/my_py_pkg) by extension 'colcon_pkg'
[0.222s] Level 1:colcon.colcon_core.package_identification:_identify(/home/jay/workspace/src/my_py_pkg) by extensions ['colcon_meta']
[0.222s] Level 1:colcon.colcon_core.package_identification:_identify(/home/jay/workspace/src/my_py_pkg) by extension 'colcon_meta'
[0.223s] Level 1:colcon.colcon_core.package_identification:_identify(/home/jay/workspace/src/my_py_pkg) by extensions ['ros']
[0.223s] Level 1:colcon.colcon_core.package_identification:_identify(/home/jay/workspace/src/my_py_pkg) by extension 'ros'
[0.223s] DEBUG:colcon.colcon_core.package_identification:Package '/home/jay/workspace/src/my_py_pkg' with type 'ros.ament_python' and name 'my_py_pkg'
[0.223s] Level 1:colcon.colcon_core.package_identification:_identify(/home/jay/workspace/src/my_robot_bringup) by extensions ['ignore', 'ignore_ament_install']
[0.223s] Level 1:colcon.colcon_core.package_identification:_identify(/home/jay/workspace/src/my_robot_bringup) by extension 'ignore'
[0.223s] Level 1:colcon.colcon_core.package_identification:_identify(/home/jay/workspace/src/my_robot_bringup) by extension 'ignore_ament_install'
[0.223s] Level 1:colcon.colcon_core.package_identification:_identify(/home/jay/workspace/src/my_robot_bringup) by extensions ['colcon_pkg']
[0.223s] Level 1:colcon.colcon_core.package_identification:_identify(/home/jay/workspace/src/my_robot_bringup) by extension 'colcon_pkg'
[0.223s] Level 1:colcon.colcon_core.package_identification:_identify(/home/jay/workspace/src/my_robot_bringup) by extensions ['colcon_meta']
[0.223s] Level 1:colcon.colcon_core.package_identification:_identify(/home/jay/workspace/src/my_robot_bringup) by extension 'colcon_meta'
[0.223s] Level 1:colcon.colcon_core.package_identification:_identify(/home/jay/workspace/src/my_robot_bringup) by extensions ['ros']
[0.223s] Level 1:colcon.colcon_core.package_identification:_identify(/home/jay/workspace/src/my_robot_bringup) by extension 'ros'
[0.224s] DEBUG:colcon.colcon_core.package_identification:Package '/home/jay/workspace/src/my_robot_bringup' with type 'ros.ament_cmake' and name 'my_robot_bringup'
[0.224s] Level 1:colcon.colcon_core.package_identification:_identify(/home/jay/workspace/src/my_robot_description) by extensions ['ignore', 'ignore_ament_install']
[0.224s] Level 1:colcon.colcon_core.package_identification:_identify(/home/jay/workspace/src/my_robot_description) by extension 'ignore'
[0.224s] Level 1:colcon.colcon_core.package_identification:_identify(/home/jay/workspace/src/my_robot_description) by extension 'ignore_ament_install'
[0.224s] Level 1:colcon.colcon_core.package_identification:_identify(/home/jay/workspace/src/my_robot_description) by extensions ['colcon_pkg']
[0.224s] Level 1:colcon.colcon_core.package_identification:_identify(/home/jay/workspace/src/my_robot_description) by extension 'colcon_pkg'
[0.224s] Level 1:colcon.colcon_core.package_identification:_identify(/home/jay/workspace/src/my_robot_description) by extensions ['colcon_meta']
[0.224s] Level 1:colcon.colcon_core.package_identification:_identify(/home/jay/workspace/src/my_robot_description) by extension 'colcon_meta'
[0.224s] Level 1:colcon.colcon_core.package_identification:_identify(/home/jay/workspace/src/my_robot_description) by extensions ['ros']
[0.224s] Level 1:colcon.colcon_core.package_identification:_identify(/home/jay/workspace/src/my_robot_description) by extension 'ros'
[0.225s] DEBUG:colcon.colcon_core.package_identification:Package '/home/jay/workspace/src/my_robot_description' with type 'ros.ament_cmake' and name 'my_robot_description'
[0.225s] Level 1:colcon.colcon_core.package_identification:_identify(/home/jay/workspace/test) by extensions ['ignore', 'ignore_ament_install']
[0.225s] Level 1:colcon.colcon_core.package_identification:_identify(/home/jay/workspace/test) by extension 'ignore'
[0.225s] Level 1:colcon.colcon_core.package_identification:_identify(/home/jay/workspace/test) by extension 'ignore_ament_install'
[0.225s] Level 1:colcon.colcon_core.package_identification:_identify(/home/jay/workspace/test) by extensions ['colcon_pkg']
[0.225s] Level 1:colcon.colcon_core.package_identification:_identify(/home/jay/workspace/test) by extension 'colcon_pkg'
[0.225s] Level 1:colcon.colcon_core.package_identification:_identify(/home/jay/workspace/test) by extensions ['colcon_meta']
[0.225s] Level 1:colcon.colcon_core.package_identification:_identify(/home/jay/workspace/test) by extension 'colcon_meta'
[0.225s] Level 1:colcon.colcon_core.package_identification:_identify(/home/jay/workspace/test) by extensions ['ros']
[0.225s] Level 1:colcon.colcon_core.package_identification:_identify(/home/jay/workspace/test) by extension 'ros'
[0.225s] Level 1:colcon.colcon_core.package_identification:_identify(/home/jay/workspace/test) by extensions ['cmake', 'python']
[0.225s] Level 1:colcon.colcon_core.package_identification:_identify(/home/jay/workspace/test) by extension 'cmake'
[0.225s] Level 1:colcon.colcon_core.package_identification:_identify(/home/jay/workspace/test) by extension 'python'
[0.225s] Level 1:colcon.colcon_core.package_identification:_identify(/home/jay/workspace/test) by extensions ['python_setup_py']
[0.225s] Level 1:colcon.colcon_core.package_identification:_identify(/home/jay/workspace/test) by extension 'python_setup_py'
[0.225s] Level 1:colcon.colcon_core.package_discovery:discover_packages(recursive) using defaults
