[0.005s] Invoking command in '/home/jay/ros2_ws/build/my_cpp_pkg': CMAKE_PREFIX_PATH=${CMAKE_PREFIX_PATH}:/home/jay/ros2_ws/install/my_py_pkg:/opt/ros/humble /usr/bin/cmake --build /home/jay/ros2_ws/build/my_cpp_pkg -- -j24 -l24
[0.027s] [35m[1mConsolidate compiler generated dependencies of target add_two_ints_client[0m
[0.032s] [ 33%] Built target cpp_node
[0.032s] [ 33%] Built target robot_news_station
[0.033s] [ 50%] Built target smartphone
[0.033s] [ 66%] Built target add_two_ints_server
[0.033s] [ 83%] Built target add_two_ints_client_no_oop
[0.035s] [ 91%] [32mBuilding CXX object CMakeFiles/add_two_ints_client.dir/src/add_two_ints_client.cpp.o[0m
[1.078s] In file included from [01m[K/opt/ros/humble/include/rclcpp/rclcpp/logging.hpp:24[m[K,
[1.078s]                  from [01m[K/opt/ros/humble/include/rclcpp/rclcpp/client.hpp:40[m[K,
[1.078s]                  from [01m[K/opt/ros/humble/include/rclcpp/rclcpp/callback_group.hpp:24[m[K,
[1.078s]                  from [01m[K/opt/ros/humble/include/rclcpp/rclcpp/any_executable.hpp:20[m[K,
[1.078s]                  from [01m[K/opt/ros/humble/include/rclcpp/rclcpp/memory_strategy.hpp:25[m[K,
[1.078s]                  from [01m[K/opt/ros/humble/include/rclcpp/rclcpp/memory_strategies.hpp:18[m[K,
[1.078s]                  from [01m[K/opt/ros/humble/include/rclcpp/rclcpp/executor_options.hpp:20[m[K,
[1.078s]                  from [01m[K/opt/ros/humble/include/rclcpp/rclcpp/executor.hpp:37[m[K,
[1.078s]                  from [01m[K/opt/ros/humble/include/rclcpp/rclcpp/executors/multi_threaded_executor.hpp:25[m[K,
[1.078s]                  from [01m[K/opt/ros/humble/include/rclcpp/rclcpp/executors.hpp:21[m[K,
[1.078s]                  from [01m[K/opt/ros/humble/include/rclcpp/rclcpp/rclcpp.hpp:155[m[K,
[1.078s]                  from [01m[K/home/jay/ros2_ws/src/my_cpp_pkg/src/add_two_ints_client.cpp:1[m[K:
[1.078s] [01m[K/home/jay/ros2_ws/src/my_cpp_pkg/src/add_two_ints_client.cpp:[m[K In member function ‘[01m[Kvoid AddTwoIntsClientNode::callAddTwoIntsService(int, int)[m[K’:
[1.078s] [01m[K/home/jay/ros2_ws/src/my_cpp_pkg/src/add_two_ints_client.cpp:29:45:[m[K [01;35m[Kwarning: [m[Kformat ‘[01m[K%d[m[K’ expects argument of type ‘[01m[Kint[m[K’, but argument 7 has type ‘[01m[Kexample_interfaces::srv::AddTwoInts_Response_<std::allocator<void> >::_sum_type[m[K’ {aka ‘[01m[Klong int[m[K’} [[01;35m[K]8;;https://gcc.gnu.org/onlinedocs/gcc/Warning-Options.html#index-Wformat=-Wformat=]8;;[m[K]
[1.078s]    29 |             RCLCPP_INFO(this->get_logger(), [01;35m[K"%d + %d = %d"[m[K, a, b, [32m[Kresponse->sum[m[K);
[1.078s]       |                                             [01;35m[K^~~~~~~~~~~~~~[m[K        [32m[K~~~~~~~~~~~~~[m[K
[1.078s]       |                                                                             [32m[K|[m[K
[1.078s]       |                                                                             [32m[Kexample_interfaces::srv::AddTwoInts_Response_<std::allocator<void> >::_sum_type {aka long int}[m[K
[1.078s] [01m[K/home/jay/ros2_ws/src/my_cpp_pkg/src/add_two_ints_client.cpp:29:57:[m[K [01;36m[Knote: [m[Kformat string is defined here
[1.078s]    29 |             RCLCPP_INFO(this->get_logger(), "%d + %d = [01;36m[K%d[m[K", a, b, response->sum);
[1.078s]       |                                                        [01;36m[K~^[m[K
[1.078s]       |                                                         [01;36m[K|[m[K
[1.078s]       |                                                         [01;36m[Kint[m[K
[1.078s]       |                                                        [32m[K%ld[m[K
[1.623s] [100%] [32m[1mLinking CXX executable add_two_ints_client[0m
[1.699s] [100%] Built target add_two_ints_client
[1.709s] Invoked command in '/home/jay/ros2_ws/build/my_cpp_pkg' returned '0': CMAKE_PREFIX_PATH=${CMAKE_PREFIX_PATH}:/home/jay/ros2_ws/install/my_py_pkg:/opt/ros/humble /usr/bin/cmake --build /home/jay/ros2_ws/build/my_cpp_pkg -- -j24 -l24
[1.757s] Invoking command in '/home/jay/ros2_ws/build/my_cpp_pkg': CMAKE_PREFIX_PATH=${CMAKE_PREFIX_PATH}:/home/jay/ros2_ws/install/my_py_pkg:/opt/ros/humble /usr/bin/cmake --install /home/jay/ros2_ws/build/my_cpp_pkg
[1.764s] -- Install configuration: ""
[1.764s] -- Up-to-date: /home/jay/ros2_ws/install/my_cpp_pkg/lib/my_cpp_pkg/cpp_node
[1.764s] -- Up-to-date: /home/jay/ros2_ws/install/my_cpp_pkg/lib/my_cpp_pkg/robot_news_station
[1.764s] -- Up-to-date: /home/jay/ros2_ws/install/my_cpp_pkg/lib/my_cpp_pkg/smartphone
[1.764s] -- Up-to-date: /home/jay/ros2_ws/install/my_cpp_pkg/lib/my_cpp_pkg/add_two_ints_server
[1.764s] -- Installing: /home/jay/ros2_ws/install/my_cpp_pkg/lib/my_cpp_pkg/add_two_ints_client
[1.766s] -- Set runtime path of "/home/jay/ros2_ws/install/my_cpp_pkg/lib/my_cpp_pkg/add_two_ints_client" to ""
[1.766s] -- Installing: /home/jay/ros2_ws/install/my_cpp_pkg/lib/my_cpp_pkg/add_two_ints_client_no_oop
[1.766s] -- Set runtime path of "/home/jay/ros2_ws/install/my_cpp_pkg/lib/my_cpp_pkg/add_two_ints_client_no_oop" to ""
[1.766s] -- Up-to-date: /home/jay/ros2_ws/install/my_cpp_pkg/share/ament_index/resource_index/package_run_dependencies/my_cpp_pkg
[1.766s] -- Up-to-date: /home/jay/ros2_ws/install/my_cpp_pkg/share/ament_index/resource_index/parent_prefix_path/my_cpp_pkg
[1.766s] -- Up-to-date: /home/jay/ros2_ws/install/my_cpp_pkg/share/my_cpp_pkg/environment/ament_prefix_path.sh
[1.766s] -- Installing: /home/jay/ros2_ws/install/my_cpp_pkg/share/my_cpp_pkg/environment/ament_prefix_path.dsv
[1.767s] -- Up-to-date: /home/jay/ros2_ws/install/my_cpp_pkg/share/my_cpp_pkg/environment/path.sh
[1.767s] -- Installing: /home/jay/ros2_ws/install/my_cpp_pkg/share/my_cpp_pkg/environment/path.dsv
[1.767s] -- Up-to-date: /home/jay/ros2_ws/install/my_cpp_pkg/share/my_cpp_pkg/local_setup.bash
[1.767s] -- Up-to-date: /home/jay/ros2_ws/install/my_cpp_pkg/share/my_cpp_pkg/local_setup.sh
[1.767s] -- Up-to-date: /home/jay/ros2_ws/install/my_cpp_pkg/share/my_cpp_pkg/local_setup.zsh
[1.767s] -- Installing: /home/jay/ros2_ws/install/my_cpp_pkg/share/my_cpp_pkg/local_setup.dsv
[1.767s] -- Installing: /home/jay/ros2_ws/install/my_cpp_pkg/share/my_cpp_pkg/package.dsv
[1.767s] -- Up-to-date: /home/jay/ros2_ws/install/my_cpp_pkg/share/ament_index/resource_index/packages/my_cpp_pkg
[1.767s] -- Up-to-date: /home/jay/ros2_ws/install/my_cpp_pkg/share/my_cpp_pkg/cmake/my_cpp_pkgConfig.cmake
[1.767s] -- Up-to-date: /home/jay/ros2_ws/install/my_cpp_pkg/share/my_cpp_pkg/cmake/my_cpp_pkgConfig-version.cmake
[1.767s] -- Up-to-date: /home/jay/ros2_ws/install/my_cpp_pkg/share/my_cpp_pkg/package.xml
[1.769s] Invoked command in '/home/jay/ros2_ws/build/my_cpp_pkg' returned '0': CMAKE_PREFIX_PATH=${CMAKE_PREFIX_PATH}:/home/jay/ros2_ws/install/my_py_pkg:/opt/ros/humble /usr/bin/cmake --install /home/jay/ros2_ws/build/my_cpp_pkg
