[0.366s] Invoking command in '/home/jay/ros2_ws/build/my_py_pkg': PYTHONPATH=/home/jay/ros2_ws/build/my_py_pkg/prefix_override:/home/jay/ros2_ws/install/my_py_pkg/lib/python3.10/site-packages:${PYTHONPATH} /usr/bin/python3 -W ignore:setup.py install is deprecated setup.py develop --uninstall --editable --build-directory /home/jay/ros2_ws/build/my_py_pkg/build
[0.497s] /usr/lib/python3/dist-packages/setuptools/dist.py:723: UserWarning: Usage of dash-separated 'script-dir' will not be supported in future versions. Please use the underscore name 'script_dir' instead
[0.497s]   warnings.warn(
[0.516s] running develop
[0.516s] /usr/lib/python3/dist-packages/setuptools/command/easy_install.py:158: EasyInstallDeprecationWarning: easy_install command is deprecated. Use build and pip and other standards-based tools.
[0.516s]   warnings.warn(
[0.611s] Removing /home/jay/ros2_ws/install/my_py_pkg/lib/python3.10/site-packages/my-py-pkg.egg-link (link to .)
[0.632s] Invoked command in '/home/jay/ros2_ws/build/my_py_pkg' returned '0': PYTHONPATH=/home/jay/ros2_ws/build/my_py_pkg/prefix_override:/home/jay/ros2_ws/install/my_py_pkg/lib/python3.10/site-packages:${PYTHONPATH} /usr/bin/python3 -W ignore:setup.py install is deprecated setup.py develop --uninstall --editable --build-directory /home/jay/ros2_ws/build/my_py_pkg/build
[0.633s] Invoking command in '/home/jay/ros2_ws/src/my_py_pkg': PYTHONPATH=/home/jay/ros2_ws/build/my_py_pkg/prefix_override:/home/jay/ros2_ws/install/my_py_pkg/lib/python3.10/site-packages:${PYTHONPATH} /usr/bin/python3 -W ignore:setup.py install is deprecated setup.py egg_info --egg-base ../../build/my_py_pkg build --build-base /home/jay/ros2_ws/build/my_py_pkg/build install --record /home/jay/ros2_ws/build/my_py_pkg/install.log --install-scripts $base/lib/my_py_pkg --single-version-externally-managed install_data --force
[0.797s] /usr/lib/python3/dist-packages/setuptools/dist.py:723: UserWarning: Usage of dash-separated 'script-dir' will not be supported in future versions. Please use the underscore name 'script_dir' instead
[0.797s]   warnings.warn(
[0.804s] running egg_info
[0.804s] writing ../../build/my_py_pkg/my_py_pkg.egg-info/PKG-INFO
[0.805s] writing dependency_links to ../../build/my_py_pkg/my_py_pkg.egg-info/dependency_links.txt
[0.805s] writing entry points to ../../build/my_py_pkg/my_py_pkg.egg-info/entry_points.txt
[0.805s] writing requirements to ../../build/my_py_pkg/my_py_pkg.egg-info/requires.txt
[0.805s] writing top-level names to ../../build/my_py_pkg/my_py_pkg.egg-info/top_level.txt
[0.806s] reading manifest file '../../build/my_py_pkg/my_py_pkg.egg-info/SOURCES.txt'
[0.807s] writing manifest file '../../build/my_py_pkg/my_py_pkg.egg-info/SOURCES.txt'
[0.807s] running build
[0.807s] running build_py
[0.808s] running install
[0.808s] running install_lib
[0.808s] creating /home/jay/ros2_ws/install/my_py_pkg/lib/python3.10/site-packages/my_py_pkg
[0.809s] copying /home/jay/ros2_ws/build/my_py_pkg/build/lib/my_py_pkg/add_two_ints_client.py -> /home/jay/ros2_ws/install/my_py_pkg/lib/python3.10/site-packages/my_py_pkg
[0.809s] copying /home/jay/ros2_ws/build/my_py_pkg/build/lib/my_py_pkg/number_counter.py -> /home/jay/ros2_ws/install/my_py_pkg/lib/python3.10/site-packages/my_py_pkg
[0.809s] copying /home/jay/ros2_ws/build/my_py_pkg/build/lib/my_py_pkg/add_two_ints_client_no_oop.py -> /home/jay/ros2_ws/install/my_py_pkg/lib/python3.10/site-packages/my_py_pkg
[0.809s] copying /home/jay/ros2_ws/build/my_py_pkg/build/lib/my_py_pkg/robot_news_station.py -> /home/jay/ros2_ws/install/my_py_pkg/lib/python3.10/site-packages/my_py_pkg
[0.809s] copying /home/jay/ros2_ws/build/my_py_pkg/build/lib/my_py_pkg/smartphone.py -> /home/jay/ros2_ws/install/my_py_pkg/lib/python3.10/site-packages/my_py_pkg
[0.809s] copying /home/jay/ros2_ws/build/my_py_pkg/build/lib/my_py_pkg/template_python_node.py -> /home/jay/ros2_ws/install/my_py_pkg/lib/python3.10/site-packages/my_py_pkg
[0.809s] copying /home/jay/ros2_ws/build/my_py_pkg/build/lib/my_py_pkg/number_publisher.py -> /home/jay/ros2_ws/install/my_py_pkg/lib/python3.10/site-packages/my_py_pkg
[0.809s] copying /home/jay/ros2_ws/build/my_py_pkg/build/lib/my_py_pkg/add_two_ints_server.py -> /home/jay/ros2_ws/install/my_py_pkg/lib/python3.10/site-packages/my_py_pkg
[0.809s] copying /home/jay/ros2_ws/build/my_py_pkg/build/lib/my_py_pkg/my_first_node.py -> /home/jay/ros2_ws/install/my_py_pkg/lib/python3.10/site-packages/my_py_pkg
[0.809s] copying /home/jay/ros2_ws/build/my_py_pkg/build/lib/my_py_pkg/__init__.py -> /home/jay/ros2_ws/install/my_py_pkg/lib/python3.10/site-packages/my_py_pkg
[0.810s] byte-compiling /home/jay/ros2_ws/install/my_py_pkg/lib/python3.10/site-packages/my_py_pkg/add_two_ints_client.py to add_two_ints_client.cpython-310.pyc
[0.810s] byte-compiling /home/jay/ros2_ws/install/my_py_pkg/lib/python3.10/site-packages/my_py_pkg/number_counter.py to number_counter.cpython-310.pyc
[0.810s] byte-compiling /home/jay/ros2_ws/install/my_py_pkg/lib/python3.10/site-packages/my_py_pkg/add_two_ints_client_no_oop.py to add_two_ints_client_no_oop.cpython-310.pyc
[0.811s] byte-compiling /home/jay/ros2_ws/install/my_py_pkg/lib/python3.10/site-packages/my_py_pkg/robot_news_station.py to robot_news_station.cpython-310.pyc
[0.811s] byte-compiling /home/jay/ros2_ws/install/my_py_pkg/lib/python3.10/site-packages/my_py_pkg/smartphone.py to smartphone.cpython-310.pyc
[0.811s] byte-compiling /home/jay/ros2_ws/install/my_py_pkg/lib/python3.10/site-packages/my_py_pkg/template_python_node.py to template_python_node.cpython-310.pyc
[0.811s] byte-compiling /home/jay/ros2_ws/install/my_py_pkg/lib/python3.10/site-packages/my_py_pkg/number_publisher.py to number_publisher.cpython-310.pyc
[0.812s] byte-compiling /home/jay/ros2_ws/install/my_py_pkg/lib/python3.10/site-packages/my_py_pkg/add_two_ints_server.py to add_two_ints_server.cpython-310.pyc
[0.812s] byte-compiling /home/jay/ros2_ws/install/my_py_pkg/lib/python3.10/site-packages/my_py_pkg/my_first_node.py to my_first_node.cpython-310.pyc
[0.812s] byte-compiling /home/jay/ros2_ws/install/my_py_pkg/lib/python3.10/site-packages/my_py_pkg/__init__.py to __init__.cpython-310.pyc
[0.812s] running install_data
[0.812s] copying resource/my_py_pkg -> /home/jay/ros2_ws/install/my_py_pkg/share/ament_index/resource_index/packages
[0.812s] copying package.xml -> /home/jay/ros2_ws/install/my_py_pkg/share/my_py_pkg
[0.812s] running install_egg_info
[0.815s] Copying ../../build/my_py_pkg/my_py_pkg.egg-info to /home/jay/ros2_ws/install/my_py_pkg/lib/python3.10/site-packages/my_py_pkg-0.0.0-py3.10.egg-info
[0.817s] running install_scripts
[0.836s] Installing add_two_ints_client script to /home/jay/ros2_ws/install/my_py_pkg/lib/my_py_pkg
[0.836s] Installing add_two_ints_client_no_oop script to /home/jay/ros2_ws/install/my_py_pkg/lib/my_py_pkg
[0.836s] Installing add_two_ints_server script to /home/jay/ros2_ws/install/my_py_pkg/lib/my_py_pkg
[0.836s] Installing number_counter script to /home/jay/ros2_ws/install/my_py_pkg/lib/my_py_pkg
[0.836s] Installing number_publisher script to /home/jay/ros2_ws/install/my_py_pkg/lib/my_py_pkg
[0.836s] Installing py_node script to /home/jay/ros2_ws/install/my_py_pkg/lib/my_py_pkg
[0.837s] Installing robot_news_station script to /home/jay/ros2_ws/install/my_py_pkg/lib/my_py_pkg
[0.837s] Installing smartphone script to /home/jay/ros2_ws/install/my_py_pkg/lib/my_py_pkg
[0.837s] writing list of installed files to '/home/jay/ros2_ws/build/my_py_pkg/install.log'
[0.856s] Invoked command in '/home/jay/ros2_ws/src/my_py_pkg' returned '0': PYTHONPATH=/home/jay/ros2_ws/build/my_py_pkg/prefix_override:/home/jay/ros2_ws/install/my_py_pkg/lib/python3.10/site-packages:${PYTHONPATH} /usr/bin/python3 -W ignore:setup.py install is deprecated setup.py egg_info --egg-base ../../build/my_py_pkg build --build-base /home/jay/ros2_ws/build/my_py_pkg/build install --record /home/jay/ros2_ws/build/my_py_pkg/install.log --install-scripts $base/lib/my_py_pkg --single-version-externally-managed install_data --force
