[0.252s] Invoking command in '/home/jay/ros2_ws/build/my_py_pkg': PYTHONPATH=/home/jay/ros2_ws/build/my_py_pkg/prefix_override:/home/jay/ros2_ws/install/my_py_pkg/lib/python3.10/site-packages:${PYTHONPATH} /usr/bin/python3 -W ignore:setup.py install is deprecated setup.py develop --uninstall --editable --build-directory /home/jay/ros2_ws/build/my_py_pkg/build
[0.361s] running develop
[0.361s] /usr/lib/python3/dist-packages/setuptools/command/easy_install.py:158: EasyInstallDeprecationWarning: easy_install command is deprecated. Use build and pip and other standards-based tools.
[0.361s]   warnings.warn(
[0.419s] Removing /home/jay/ros2_ws/install/my_py_pkg/lib/python3.10/site-packages/my-py-pkg.egg-link (link to .)
[0.430s] Invoked command in '/home/jay/ros2_ws/build/my_py_pkg' returned '0': PYTHONPATH=/home/jay/ros2_ws/build/my_py_pkg/prefix_override:/home/jay/ros2_ws/install/my_py_pkg/lib/python3.10/site-packages:${PYTHONPATH} /usr/bin/python3 -W ignore:setup.py install is deprecated setup.py develop --uninstall --editable --build-directory /home/jay/ros2_ws/build/my_py_pkg/build
[0.431s] Invoking command in '/home/jay/ros2_ws/src/my_py_pkg': PYTHONPATH=/home/jay/ros2_ws/build/my_py_pkg/prefix_override:/home/jay/ros2_ws/install/my_py_pkg/lib/python3.10/site-packages:${PYTHONPATH} /usr/bin/python3 -W ignore:setup.py install is deprecated setup.py egg_info --egg-base ../../build/my_py_pkg build --build-base /home/jay/ros2_ws/build/my_py_pkg/build install --record /home/jay/ros2_ws/build/my_py_pkg/install.log --single-version-externally-managed install_data --force
[0.532s] running egg_info
[0.532s] writing ../../build/my_py_pkg/my_py_pkg.egg-info/PKG-INFO
[0.532s] writing dependency_links to ../../build/my_py_pkg/my_py_pkg.egg-info/dependency_links.txt
[0.532s] writing entry points to ../../build/my_py_pkg/my_py_pkg.egg-info/entry_points.txt
[0.532s] writing requirements to ../../build/my_py_pkg/my_py_pkg.egg-info/requires.txt
[0.532s] writing top-level names to ../../build/my_py_pkg/my_py_pkg.egg-info/top_level.txt
[0.533s] reading manifest file '../../build/my_py_pkg/my_py_pkg.egg-info/SOURCES.txt'
[0.534s] writing manifest file '../../build/my_py_pkg/my_py_pkg.egg-info/SOURCES.txt'
[0.534s] running build
[0.534s] running build_py
[0.534s] copying my_py_pkg/robot_news_station.py -> /home/jay/ros2_ws/build/my_py_pkg/build/lib/my_py_pkg
[0.534s] copying my_py_pkg/my_first_node.py -> /home/jay/ros2_ws/build/my_py_pkg/build/lib/my_py_pkg
[0.534s] running install
[0.534s] running install_lib
[0.535s] creating /home/jay/ros2_ws/install/my_py_pkg/lib/python3.10/site-packages/my_py_pkg
[0.535s] copying /home/jay/ros2_ws/build/my_py_pkg/build/lib/my_py_pkg/robot_news_station.py -> /home/jay/ros2_ws/install/my_py_pkg/lib/python3.10/site-packages/my_py_pkg
[0.535s] copying /home/jay/ros2_ws/build/my_py_pkg/build/lib/my_py_pkg/my_first_node.py -> /home/jay/ros2_ws/install/my_py_pkg/lib/python3.10/site-packages/my_py_pkg
[0.535s] copying /home/jay/ros2_ws/build/my_py_pkg/build/lib/my_py_pkg/__init__.py -> /home/jay/ros2_ws/install/my_py_pkg/lib/python3.10/site-packages/my_py_pkg
[0.535s] byte-compiling /home/jay/ros2_ws/install/my_py_pkg/lib/python3.10/site-packages/my_py_pkg/robot_news_station.py to robot_news_station.cpython-310.pyc
[0.535s] byte-compiling /home/jay/ros2_ws/install/my_py_pkg/lib/python3.10/site-packages/my_py_pkg/my_first_node.py to my_first_node.cpython-310.pyc
[0.535s] byte-compiling /home/jay/ros2_ws/install/my_py_pkg/lib/python3.10/site-packages/my_py_pkg/__init__.py to __init__.cpython-310.pyc
[0.535s] running install_data
[0.535s] copying resource/my_py_pkg -> /home/jay/ros2_ws/install/my_py_pkg/share/ament_index/resource_index/packages
[0.535s] copying package.xml -> /home/jay/ros2_ws/install/my_py_pkg/share/my_py_pkg
[0.535s] running install_egg_info
[0.536s] Copying ../../build/my_py_pkg/my_py_pkg.egg-info to /home/jay/ros2_ws/install/my_py_pkg/lib/python3.10/site-packages/my_py_pkg-0.0.0-py3.10.egg-info
[0.536s] running install_scripts
[0.546s] Installing py_node = my_py_pkg.my_first_node:mainrobot_news_station script to /home/jay/ros2_ws/install/my_py_pkg/lib/my_py_pkg
[0.546s] writing list of installed files to '/home/jay/ros2_ws/build/my_py_pkg/install.log'
[0.556s] Invoked command in '/home/jay/ros2_ws/src/my_py_pkg' returned '0': PYTHONPATH=/home/jay/ros2_ws/build/my_py_pkg/prefix_override:/home/jay/ros2_ws/install/my_py_pkg/lib/python3.10/site-packages:${PYTHONPATH} /usr/bin/python3 -W ignore:setup.py install is deprecated setup.py egg_info --egg-base ../../build/my_py_pkg build --build-base /home/jay/ros2_ws/build/my_py_pkg/build install --record /home/jay/ros2_ws/build/my_py_pkg/install.log --single-version-externally-managed install_data --force
