[0.171s] Invoking command in '/home/jay/ros2_ws/build/my_robot_description': CMAKE_PREFIX_PATH=${CMAKE_PREFIX_PATH}:/home/jay/ros2_ws/install/my_py_pkg:/opt/ros/humble /usr/bin/cmake --build /home/jay/ros2_ws/build/my_robot_description -- -j24 -l24
[0.188s] -- Found ament_cmake: 1.3.8 (/opt/ros/humble/share/ament_cmake/cmake)
[0.341s] -- Configuring done
[0.343s] -- Generating done
[0.343s] -- Build files have been written to: /home/jay/ros2_ws/build/my_robot_description
[0.360s] Invoked command in '/home/jay/ros2_ws/build/my_robot_description' returned '0': CMAKE_PREFIX_PATH=${CMAKE_PREFIX_PATH}:/home/jay/ros2_ws/install/my_py_pkg:/opt/ros/humble /usr/bin/cmake --build /home/jay/ros2_ws/build/my_robot_description -- -j24 -l24
[0.395s] Invoking command in '/home/jay/ros2_ws/build/my_robot_description': CMAKE_PREFIX_PATH=${CMAKE_PREFIX_PATH}:/home/jay/ros2_ws/install/my_py_pkg:/opt/ros/humble /usr/bin/cmake --install /home/jay/ros2_ws/build/my_robot_description
[0.401s] -- Install configuration: ""
[0.402s] -- Up-to-date: /home/jay/ros2_ws/install/my_robot_description/share/my_robot_description//urdf
[0.402s] -- Installing: /home/jay/ros2_ws/install/my_robot_description/share/my_robot_description//urdf/mobile_base.xacro
[0.402s] -- Installing: /home/jay/ros2_ws/install/my_robot_description/share/my_robot_description//urdf/my_robot.urdf.xacro
[0.402s] -- Installing: /home/jay/ros2_ws/install/my_robot_description/share/my_robot_description//urdf/common_properties.xacro
[0.402s] -- Up-to-date: /home/jay/ros2_ws/install/my_robot_description/share/my_robot_description//launch
[0.402s] -- Installing: /home/jay/ros2_ws/install/my_robot_description/share/my_robot_description//launch/display.launch.xml
[0.402s] -- Installing: /home/jay/ros2_ws/install/my_robot_description/share/my_robot_description//launch/display.launch.py
[0.402s] -- Installing: /home/jay/ros2_ws/install/my_robot_description/share/my_robot_description//rviz
[0.402s] -- Installing: /home/jay/ros2_ws/install/my_robot_description/share/my_robot_description//rviz/urdf_config.rviz
[0.403s] -- Up-to-date: /home/jay/ros2_ws/install/my_robot_description/share/ament_index/resource_index/package_run_dependencies/my_robot_description
[0.403s] -- Up-to-date: /home/jay/ros2_ws/install/my_robot_description/share/ament_index/resource_index/parent_prefix_path/my_robot_description
[0.403s] -- Up-to-date: /home/jay/ros2_ws/install/my_robot_description/share/my_robot_description/environment/ament_prefix_path.sh
[0.403s] -- Installing: /home/jay/ros2_ws/install/my_robot_description/share/my_robot_description/environment/ament_prefix_path.dsv
[0.403s] -- Up-to-date: /home/jay/ros2_ws/install/my_robot_description/share/my_robot_description/environment/path.sh
[0.403s] -- Installing: /home/jay/ros2_ws/install/my_robot_description/share/my_robot_description/environment/path.dsv
[0.404s] -- Up-to-date: /home/jay/ros2_ws/install/my_robot_description/share/my_robot_description/local_setup.bash
[0.404s] -- Up-to-date: /home/jay/ros2_ws/install/my_robot_description/share/my_robot_description/local_setup.sh
[0.404s] -- Up-to-date: /home/jay/ros2_ws/install/my_robot_description/share/my_robot_description/local_setup.zsh
[0.404s] -- Installing: /home/jay/ros2_ws/install/my_robot_description/share/my_robot_description/local_setup.dsv
[0.405s] -- Installing: /home/jay/ros2_ws/install/my_robot_description/share/my_robot_description/package.dsv
[0.405s] -- Up-to-date: /home/jay/ros2_ws/install/my_robot_description/share/ament_index/resource_index/packages/my_robot_description
[0.406s] -- Up-to-date: /home/jay/ros2_ws/install/my_robot_description/share/my_robot_description/cmake/my_robot_descriptionConfig.cmake
[0.406s] -- Up-to-date: /home/jay/ros2_ws/install/my_robot_description/share/my_robot_description/cmake/my_robot_descriptionConfig-version.cmake
[0.406s] -- Installing: /home/jay/ros2_ws/install/my_robot_description/share/my_robot_description/package.xml
[0.406s] Invoked command in '/home/jay/ros2_ws/build/my_robot_description' returned '0': CMAKE_PREFIX_PATH=${CMAKE_PREFIX_PATH}:/home/jay/ros2_ws/install/my_py_pkg:/opt/ros/humble /usr/bin/cmake --install /home/jay/ros2_ws/build/my_robot_description
