[0.005s] Invoking command in '/home/jay/ros2_ws/build/my_robot_bringup': CMAKE_PREFIX_PATH=${CMAKE_PREFIX_PATH}:/home/jay/ros2_ws/install/my_py_pkg:/opt/ros/humble /usr/bin/cmake /home/jay/ros2_ws/src/my_robot_bringup -DAMENT_CMAKE_SYMLINK_INSTALL=1 -DCMAKE_INSTALL_PREFIX=/home/jay/ros2_ws/install/my_robot_bringup
[0.055s] -- The C compiler identification is GNU 11.4.0
[0.104s] -- The CXX compiler identification is GNU 11.4.0
[0.109s] -- Detecting C compiler ABI info
[0.168s] -- Detecting C compiler ABI info - done
[0.178s] -- Check for working C compiler: /usr/bin/cc - skipped
[0.179s] -- Detecting C compile features
[0.179s] -- Detecting C compile features - done
[0.183s] -- Detecting CXX compiler ABI info
[0.247s] -- Detecting CXX compiler ABI info - done
[0.253s] -- Check for working CXX compiler: /usr/bin/c++ - skipped
[0.253s] -- Detecting CXX compile features
[0.253s] -- Detecting CXX compile features - done
[0.256s] -- Found ament_cmake: 1.3.8 (/opt/ros/humble/share/ament_cmake/cmake)
[0.425s] -- Found Python3: /usr/bin/python3 (found version "3.10.12") found components: Interpreter 
[0.489s] -- Override CMake install command with custom implementation using symlinks instead of copying resources
[0.571s] -- Configuring done
[0.573s] -- Generating done
[0.573s] -- Build files have been written to: /home/jay/ros2_ws/build/my_robot_bringup
[0.576s] Invoked command in '/home/jay/ros2_ws/build/my_robot_bringup' returned '0': CMAKE_PREFIX_PATH=${CMAKE_PREFIX_PATH}:/home/jay/ros2_ws/install/my_py_pkg:/opt/ros/humble /usr/bin/cmake /home/jay/ros2_ws/src/my_robot_bringup -DAMENT_CMAKE_SYMLINK_INSTALL=1 -DCMAKE_INSTALL_PREFIX=/home/jay/ros2_ws/install/my_robot_bringup
[0.578s] Invoking command in '/home/jay/ros2_ws/build/my_robot_bringup': CMAKE_PREFIX_PATH=${CMAKE_PREFIX_PATH}:/home/jay/ros2_ws/install/my_py_pkg:/opt/ros/humble /usr/bin/cmake --build /home/jay/ros2_ws/build/my_robot_bringup -- -j24 -l24
[0.611s] Invoked command in '/home/jay/ros2_ws/build/my_robot_bringup' returned '0': CMAKE_PREFIX_PATH=${CMAKE_PREFIX_PATH}:/home/jay/ros2_ws/install/my_py_pkg:/opt/ros/humble /usr/bin/cmake --build /home/jay/ros2_ws/build/my_robot_bringup -- -j24 -l24
[0.629s] Invoking command in '/home/jay/ros2_ws/build/my_robot_bringup': CMAKE_PREFIX_PATH=${CMAKE_PREFIX_PATH}:/home/jay/ros2_ws/install/my_py_pkg:/opt/ros/humble /usr/bin/cmake --install /home/jay/ros2_ws/build/my_robot_bringup
[0.635s] -- Install configuration: ""
[0.635s] -- Execute custom install script
[0.636s] -- Symlinking: /home/jay/ros2_ws/install/my_robot_bringup/share/my_robot_bringup/launch/my_robot_gazebo.launch.xml
[0.644s] -- Symlinking: /home/jay/ros2_ws/install/my_robot_bringup/share/ament_index/resource_index/package_run_dependencies/my_robot_bringup
[0.652s] -- Symlinking: /home/jay/ros2_ws/install/my_robot_bringup/share/ament_index/resource_index/parent_prefix_path/my_robot_bringup
[0.660s] -- Symlinking: /home/jay/ros2_ws/install/my_robot_bringup/share/my_robot_bringup/environment/ament_prefix_path.sh
[0.667s] -- Symlinking: /home/jay/ros2_ws/install/my_robot_bringup/share/my_robot_bringup/environment/ament_prefix_path.dsv
[0.675s] -- Symlinking: /home/jay/ros2_ws/install/my_robot_bringup/share/my_robot_bringup/environment/path.sh
[0.683s] -- Symlinking: /home/jay/ros2_ws/install/my_robot_bringup/share/my_robot_bringup/environment/path.dsv
[0.691s] -- Symlinking: /home/jay/ros2_ws/install/my_robot_bringup/share/my_robot_bringup/local_setup.bash
[0.698s] -- Symlinking: /home/jay/ros2_ws/install/my_robot_bringup/share/my_robot_bringup/local_setup.sh
[0.706s] -- Symlinking: /home/jay/ros2_ws/install/my_robot_bringup/share/my_robot_bringup/local_setup.zsh
[0.714s] -- Symlinking: /home/jay/ros2_ws/install/my_robot_bringup/share/my_robot_bringup/local_setup.dsv
[0.722s] -- Symlinking: /home/jay/ros2_ws/install/my_robot_bringup/share/my_robot_bringup/package.dsv
[0.729s] -- Symlinking: /home/jay/ros2_ws/install/my_robot_bringup/share/ament_index/resource_index/packages/my_robot_bringup
[0.737s] -- Symlinking: /home/jay/ros2_ws/install/my_robot_bringup/share/my_robot_bringup/cmake/my_robot_bringupConfig.cmake
[0.745s] -- Symlinking: /home/jay/ros2_ws/install/my_robot_bringup/share/my_robot_bringup/cmake/my_robot_bringupConfig-version.cmake
[0.752s] -- Symlinking: /home/jay/ros2_ws/install/my_robot_bringup/share/my_robot_bringup/package.xml
[0.764s] Invoked command in '/home/jay/ros2_ws/build/my_robot_bringup' returned '0': CMAKE_PREFIX_PATH=${CMAKE_PREFIX_PATH}:/home/jay/ros2_ws/install/my_py_pkg:/opt/ros/humble /usr/bin/cmake --install /home/jay/ros2_ws/build/my_robot_bringup
