[0.005s] Invoking command in '/home/jay/ros2_ws/build/my_robot_bringup': CMAKE_PREFIX_PATH=/home/jay/ros2_ws/install/my_robot_description:/home/jay/ros2_ws/install/my_robot_bringup:/home/jay/ros2_ws/install/my_cpp_pkg:/home/jay/ros2_ws/install/Hector_Keyboard:/home/jay/ros2_ws/install/my_py_pkg:/opt/ros/humble /usr/bin/cmake /home/jay/ros2_ws/src/my_robot_bringup -DCMAKE_INSTALL_PREFIX=/home/jay/ros2_ws/install/my_robot_bringup
[0.012s] -- Found ament_cmake: 1.3.8 (/opt/ros/humble/share/ament_cmake/cmake)
[0.095s] -- Override CMake install command with custom implementation using symlinks instead of copying resources
[0.141s] -- Configuring done
[0.142s] -- Generating done
[0.142s] -- Build files have been written to: /home/jay/ros2_ws/build/my_robot_bringup
[0.145s] Invoked command in '/home/jay/ros2_ws/build/my_robot_bringup' returned '0': CMAKE_PREFIX_PATH=/home/jay/ros2_ws/install/my_robot_description:/home/jay/ros2_ws/install/my_robot_bringup:/home/jay/ros2_ws/install/my_cpp_pkg:/home/jay/ros2_ws/install/Hector_Keyboard:/home/jay/ros2_ws/install/my_py_pkg:/opt/ros/humble /usr/bin/cmake /home/jay/ros2_ws/src/my_robot_bringup -DCMAKE_INSTALL_PREFIX=/home/jay/ros2_ws/install/my_robot_bringup
[0.145s] Invoking command in '/home/jay/ros2_ws/build/my_robot_bringup': CMAKE_PREFIX_PATH=/home/jay/ros2_ws/install/my_robot_description:/home/jay/ros2_ws/install/my_robot_bringup:/home/jay/ros2_ws/install/my_cpp_pkg:/home/jay/ros2_ws/install/Hector_Keyboard:/home/jay/ros2_ws/install/my_py_pkg:/opt/ros/humble /usr/bin/cmake --build /home/jay/ros2_ws/build/my_robot_bringup -- -j24 -l24
[0.169s] Invoked command in '/home/jay/ros2_ws/build/my_robot_bringup' returned '0': CMAKE_PREFIX_PATH=/home/jay/ros2_ws/install/my_robot_description:/home/jay/ros2_ws/install/my_robot_bringup:/home/jay/ros2_ws/install/my_cpp_pkg:/home/jay/ros2_ws/install/Hector_Keyboard:/home/jay/ros2_ws/install/my_py_pkg:/opt/ros/humble /usr/bin/cmake --build /home/jay/ros2_ws/build/my_robot_bringup -- -j24 -l24
[0.184s] Invoking command in '/home/jay/ros2_ws/build/my_robot_bringup': CMAKE_PREFIX_PATH=/home/jay/ros2_ws/install/my_robot_description:/home/jay/ros2_ws/install/my_robot_bringup:/home/jay/ros2_ws/install/my_cpp_pkg:/home/jay/ros2_ws/install/Hector_Keyboard:/home/jay/ros2_ws/install/my_py_pkg:/opt/ros/humble /usr/bin/cmake --install /home/jay/ros2_ws/build/my_robot_bringup
[0.189s] -- Install configuration: ""
[0.189s] -- Execute custom install script
[0.190s] -- Up-to-date symlink: /home/jay/ros2_ws/install/my_robot_bringup/share/my_robot_bringup/launch/my_robot_gazebo.launch.xml
[0.190s] -- Up-to-date symlink: /home/jay/ros2_ws/install/my_robot_bringup/share/my_robot_bringup/rviz/urdf_config.rviz
[0.190s] -- Symlinking: /home/jay/ros2_ws/install/my_robot_bringup/share/my_robot_bringup/worlds/test.world.world
[0.196s] -- Up-to-date symlink: /home/jay/ros2_ws/install/my_robot_bringup/share/ament_index/resource_index/package_run_dependencies/my_robot_bringup
[0.197s] -- Up-to-date symlink: /home/jay/ros2_ws/install/my_robot_bringup/share/ament_index/resource_index/parent_prefix_path/my_robot_bringup
[0.197s] -- Up-to-date symlink: /home/jay/ros2_ws/install/my_robot_bringup/share/my_robot_bringup/environment/ament_prefix_path.sh
[0.197s] -- Up-to-date symlink: /home/jay/ros2_ws/install/my_robot_bringup/share/my_robot_bringup/environment/ament_prefix_path.dsv
[0.197s] -- Up-to-date symlink: /home/jay/ros2_ws/install/my_robot_bringup/share/my_robot_bringup/environment/path.sh
[0.197s] -- Up-to-date symlink: /home/jay/ros2_ws/install/my_robot_bringup/share/my_robot_bringup/environment/path.dsv
[0.197s] -- Up-to-date symlink: /home/jay/ros2_ws/install/my_robot_bringup/share/my_robot_bringup/local_setup.bash
[0.197s] -- Up-to-date symlink: /home/jay/ros2_ws/install/my_robot_bringup/share/my_robot_bringup/local_setup.sh
[0.197s] -- Up-to-date symlink: /home/jay/ros2_ws/install/my_robot_bringup/share/my_robot_bringup/local_setup.zsh
[0.197s] -- Up-to-date symlink: /home/jay/ros2_ws/install/my_robot_bringup/share/my_robot_bringup/local_setup.dsv
[0.197s] -- Symlinking: /home/jay/ros2_ws/install/my_robot_bringup/share/my_robot_bringup/package.dsv
[0.202s] -- Up-to-date symlink: /home/jay/ros2_ws/install/my_robot_bringup/share/ament_index/resource_index/packages/my_robot_bringup
[0.203s] -- Up-to-date symlink: /home/jay/ros2_ws/install/my_robot_bringup/share/my_robot_bringup/cmake/my_robot_bringupConfig.cmake
[0.203s] -- Up-to-date symlink: /home/jay/ros2_ws/install/my_robot_bringup/share/my_robot_bringup/cmake/my_robot_bringupConfig-version.cmake
[0.203s] -- Up-to-date symlink: /home/jay/ros2_ws/install/my_robot_bringup/share/my_robot_bringup/package.xml
[0.204s] Invoked command in '/home/jay/ros2_ws/build/my_robot_bringup' returned '0': CMAKE_PREFIX_PATH=/home/jay/ros2_ws/install/my_robot_description:/home/jay/ros2_ws/install/my_robot_bringup:/home/jay/ros2_ws/install/my_cpp_pkg:/home/jay/ros2_ws/install/Hector_Keyboard:/home/jay/ros2_ws/install/my_py_pkg:/opt/ros/humble /usr/bin/cmake --install /home/jay/ros2_ws/build/my_robot_bringup
