[0.011s] Invoking command in '/home/jay/ros2_ws/build/my_cpp_pkg': CMAKE_PREFIX_PATH=${CMAKE_PREFIX_PATH}:/home/jay/ros2_ws/install/my_py_pkg:/opt/ros/humble /usr/bin/cmake /home/jay/ros2_ws/src/my_cpp_pkg -DAMENT_CMAKE_SYMLINK_INSTALL=1 -DCMAKE_INSTALL_PREFIX=/home/jay/ros2_ws/install/my_cpp_pkg
[0.023s] -- Found ament_cmake: 1.3.8 (/opt/ros/humble/share/ament_cmake/cmake)
[0.110s] -- Override CMake install command with custom implementation using symlinks instead of copying resources
[0.119s] -- Found rclcpp: 16.0.8 (/opt/ros/humble/share/rclcpp/cmake)
[0.147s] -- Found rosidl_generator_c: 3.1.5 (/opt/ros/humble/share/rosidl_generator_c/cmake)
[0.150s] -- Found rosidl_adapter: 3.1.5 (/opt/ros/humble/share/rosidl_adapter/cmake)
[0.155s] -- Found rosidl_generator_cpp: 3.1.5 (/opt/ros/humble/share/rosidl_generator_cpp/cmake)
[0.166s] -- Using all available rosidl_typesupport_c: rosidl_typesupport_fastrtps_c;rosidl_typesupport_introspection_c
[0.179s] -- Using all available rosidl_typesupport_cpp: rosidl_typesupport_fastrtps_cpp;rosidl_typesupport_introspection_cpp
[0.226s] -- Found rmw_implementation_cmake: 6.1.1 (/opt/ros/humble/share/rmw_implementation_cmake/cmake)
[0.227s] -- Found rmw_fastrtps_cpp: 6.2.6 (/opt/ros/humble/share/rmw_fastrtps_cpp/cmake)
[0.317s] -- Using RMW implementation 'rmw_fastrtps_cpp' as default
[0.431s] -- Found example_interfaces: 0.9.3 (/opt/ros/humble/share/example_interfaces/cmake)
[0.598s] -- Configuring done
[0.617s] -- Generating done
[0.618s] -- Build files have been written to: /home/jay/ros2_ws/build/my_cpp_pkg
[0.624s] Invoked command in '/home/jay/ros2_ws/build/my_cpp_pkg' returned '0': CMAKE_PREFIX_PATH=${CMAKE_PREFIX_PATH}:/home/jay/ros2_ws/install/my_py_pkg:/opt/ros/humble /usr/bin/cmake /home/jay/ros2_ws/src/my_cpp_pkg -DAMENT_CMAKE_SYMLINK_INSTALL=1 -DCMAKE_INSTALL_PREFIX=/home/jay/ros2_ws/install/my_cpp_pkg
[0.626s] Invoking command in '/home/jay/ros2_ws/build/my_cpp_pkg': CMAKE_PREFIX_PATH=${CMAKE_PREFIX_PATH}:/home/jay/ros2_ws/install/my_py_pkg:/opt/ros/humble /usr/bin/cmake --build /home/jay/ros2_ws/build/my_cpp_pkg -- -j24 -l24
[0.657s] [35m[1mConsolidate compiler generated dependencies of target robot_news_station[0m
[0.657s] [35m[1mConsolidate compiler generated dependencies of target smartphone[0m
[0.657s] [35m[1mConsolidate compiler generated dependencies of target cpp_node[0m
[0.657s] [35m[1mConsolidate compiler generated dependencies of target add_two_ints_server[0m
[0.658s] [35m[1mConsolidate compiler generated dependencies of target add_two_ints_client[0m
[0.659s] [35m[1mConsolidate compiler generated dependencies of target add_two_ints_client_no_oop[0m
[0.671s] [  8%] [32m[1mLinking CXX executable cpp_node[0m
[0.672s] [ 25%] [32m[1mLinking CXX executable smartphone[0m
[0.672s] [ 25%] [32m[1mLinking CXX executable robot_news_station[0m
[0.673s] [ 33%] [32m[1mLinking CXX executable add_two_ints_client_no_oop[0m
[0.673s] [ 41%] [32mBuilding CXX object CMakeFiles/add_two_ints_server.dir/src/add_two_ints_server.cpp.o[0m
[0.674s] [ 50%] [32mBuilding CXX object CMakeFiles/add_two_ints_client.dir/src/add_two_ints_client.cpp.o[0m
[0.812s] [ 58%] Built target cpp_node
[0.842s] [ 66%] Built target add_two_ints_client_no_oop
[0.871s] [ 75%] Built target robot_news_station
[1.044s] [ 83%] Built target smartphone
[2.380s] [01m[K/home/jay/ros2_ws/src/my_cpp_pkg/src/add_two_ints_server.cpp:20:100:[m[K [01;31m[Kerror: [m[Kexpected ‘[01m[K;[m[K’ at end of member declaration
[2.380s]    20 |                             const example_interfaces::srv::AddTwoInts::Response::SharedPtr response[01;31m[K)[m[K
[2.380s]       |                                                                                                    [01;31m[K^[m[K
[2.380s]       |                                                                                                     [32m[K;[m[K
[2.389s] [01m[K/home/jay/ros2_ws/src/my_cpp_pkg/src/add_two_ints_server.cpp:23:5:[m[K [01;31m[Kerror: [m[Kexpected unqualified-id before ‘[01m[K{[m[K’ token
[2.389s]    23 |     [01;31m[K{[m[K
[2.389s]       |     [01;31m[K^[m[K
[2.389s] [01m[K/home/jay/ros2_ws/src/my_cpp_pkg/src/add_two_ints_server.cpp:28:69:[m[K [01;31m[Kerror: [m[Kredeclaration of ‘[01m[Krclcpp::Service<example_interfaces::srv::AddTwoInts>::SharedPtr AddTwoIntsServerNode::server_[m[K’
[2.389s]    28 |     rclcpp::Service<example_interfaces::srv::AddTwoInts>::SharedPtr [01;31m[Kserver_[m[K;
[2.389s]       |                                                                     [01;31m[K^~~~~~~[m[K
[2.389s] [01m[K/home/jay/ros2_ws/src/my_cpp_pkg/src/add_two_ints_server.cpp:22:73:[m[K [01;36m[Knote: [m[Kprevious declaration ‘[01m[Krclcpp::Service<example_interfaces::srv::AddTwoInts>::SharedPtr AddTwoIntsServerNode::server_[m[K’
[2.389s]    22 |         rclcpp::Service<example_interfaces::srv::AddTwoInts>::SharedPtr [01;36m[Kserver_[m[K;
[2.389s]       |                                                                         [01;36m[K^~~~~~~[m[K
[2.390s] [01m[K/home/jay/ros2_ws/src/my_cpp_pkg/src/add_two_ints_client.cpp:[m[K In constructor ‘[01m[KAddTwoIntsClientNode::AddTwoIntsClientNode()[m[K’:
[2.390s] [01m[K/home/jay/ros2_ws/src/my_cpp_pkg/src/add_two_ints_client.cpp:9:9:[m[K [01;31m[Kerror: [m[K‘[01m[Kthreads[m[K’ was not declared in this scope; did you mean ‘[01m[Kthreads_[m[K’?
[2.390s]     9 |         [01;31m[Kthreads[m[K .push_back(std::thread(std::bind(&AddTwoIntsClientNode::callAddTwoIntsService, this, 1, 4)));
[2.390s]       |         [01;31m[K^~~~~~~[m[K
[2.390s]       |         [32m[Kthreads_[m[K
[2.426s] In file included from [01m[K/opt/ros/humble/include/rclcpp/rclcpp/logging.hpp:24[m[K,
[2.426s]                  from [01m[K/opt/ros/humble/include/rclcpp/rclcpp/client.hpp:40[m[K,
[2.426s]                  from [01m[K/opt/ros/humble/include/rclcpp/rclcpp/callback_group.hpp:24[m[K,
[2.426s]                  from [01m[K/opt/ros/humble/include/rclcpp/rclcpp/any_executable.hpp:20[m[K,
[2.426s]                  from [01m[K/opt/ros/humble/include/rclcpp/rclcpp/memory_strategy.hpp:25[m[K,
[2.426s]                  from [01m[K/opt/ros/humble/include/rclcpp/rclcpp/memory_strategies.hpp:18[m[K,
[2.426s]                  from [01m[K/opt/ros/humble/include/rclcpp/rclcpp/executor_options.hpp:20[m[K,
[2.426s]                  from [01m[K/opt/ros/humble/include/rclcpp/rclcpp/executor.hpp:37[m[K,
[2.427s]                  from [01m[K/opt/ros/humble/include/rclcpp/rclcpp/executors/multi_threaded_executor.hpp:25[m[K,
[2.427s]                  from [01m[K/opt/ros/humble/include/rclcpp/rclcpp/executors.hpp:21[m[K,
[2.427s]                  from [01m[K/opt/ros/humble/include/rclcpp/rclcpp/rclcpp.hpp:155[m[K,
[2.427s]                  from [01m[K/home/jay/ros2_ws/src/my_cpp_pkg/src/add_two_ints_client.cpp:1[m[K:
[2.427s] [01m[K/home/jay/ros2_ws/src/my_cpp_pkg/src/add_two_ints_client.cpp:[m[K In member function ‘[01m[Kvoid AddTwoIntsClientNode::callAddTwoIntsService(int, int)[m[K’:
[2.427s] [01m[K/home/jay/ros2_ws/src/my_cpp_pkg/src/add_two_ints_client.cpp:30:45:[m[K [01;35m[Kwarning: [m[Kformat ‘[01m[K%d[m[K’ expects argument of type ‘[01m[Kint[m[K’, but argument 7 has type ‘[01m[Kexample_interfaces::srv::AddTwoInts_Response_<std::allocator<void> >::_sum_type[m[K’ {aka ‘[01m[Klong int[m[K’} [[01;35m[K]8;;https://gcc.gnu.org/onlinedocs/gcc/Warning-Options.html#index-Wformat=-Wformat=]8;;[m[K]
[2.427s]    30 |             RCLCPP_INFO(this->get_logger(), [01;35m[K"%d + %d = %d"[m[K, a, b, [32m[Kresponse->sum[m[K);
[2.427s]       |                                             [01;35m[K^~~~~~~~~~~~~~[m[K        [32m[K~~~~~~~~~~~~~[m[K
[2.427s]       |                                                                             [32m[K|[m[K
[2.427s]       |                                                                             [32m[Kexample_interfaces::srv::AddTwoInts_Response_<std::allocator<void> >::_sum_type {aka long int}[m[K
[2.427s] [01m[K/home/jay/ros2_ws/src/my_cpp_pkg/src/add_two_ints_client.cpp:30:57:[m[K [01;36m[Knote: [m[Kformat string is defined here
[2.427s]    30 |             RCLCPP_INFO(this->get_logger(), "%d + %d = [01;36m[K%d[m[K", a, b, response->sum);
[2.427s]       |                                                        [01;36m[K~^[m[K
[2.427s]       |                                                         [01;36m[K|[m[K
[2.427s]       |                                                         [01;36m[Kint[m[K
[2.427s]       |                                                        [32m[K%ld[m[K
[2.777s] gmake[2]: *** [CMakeFiles/add_two_ints_server.dir/build.make:76: CMakeFiles/add_two_ints_server.dir/src/add_two_ints_server.cpp.o] Error 1
[2.778s] gmake[1]: *** [CMakeFiles/Makefile2:225: CMakeFiles/add_two_ints_server.dir/all] Error 2
[2.778s] gmake[1]: *** Waiting for unfinished jobs....
[2.792s] gmake[2]: *** [CMakeFiles/add_two_ints_client.dir/build.make:76: CMakeFiles/add_two_ints_client.dir/src/add_two_ints_client.cpp.o] Error 1
[2.792s] gmake[1]: *** [CMakeFiles/Makefile2:277: CMakeFiles/add_two_ints_client.dir/all] Error 2
[2.792s] gmake: *** [Makefile:146: all] Error 2
[2.794s] Invoked command in '/home/jay/ros2_ws/build/my_cpp_pkg' returned '2': CMAKE_PREFIX_PATH=${CMAKE_PREFIX_PATH}:/home/jay/ros2_ws/install/my_py_pkg:/opt/ros/humble /usr/bin/cmake --build /home/jay/ros2_ws/build/my_cpp_pkg -- -j24 -l24
