[0.009s] Invoking command in '/home/jay/ros2_ws/build/my_robot_description': CMAKE_PREFIX_PATH=${CMAKE_PREFIX_PATH}:/home/jay/ros2_ws/install/my_py_pkg:/opt/ros/humble /usr/bin/cmake /home/jay/ros2_ws/src/my_robot_description -DCMAKE_INSTALL_PREFIX=/home/jay/ros2_ws/install/my_robot_description
[0.018s] -- Found ament_cmake: 1.3.8 (/opt/ros/humble/share/ament_cmake/cmake)
[0.095s] -- Override CMake install command with custom implementation using symlinks instead of copying resources
[0.144s] -- Configuring done
[0.146s] -- Generating done
[0.146s] -- Build files have been written to: /home/jay/ros2_ws/build/my_robot_description
[0.165s] Invoked command in '/home/jay/ros2_ws/build/my_robot_description' returned '0': CMAKE_PREFIX_PATH=${CMAKE_PREFIX_PATH}:/home/jay/ros2_ws/install/my_py_pkg:/opt/ros/humble /usr/bin/cmake /home/jay/ros2_ws/src/my_robot_description -DCMAKE_INSTALL_PREFIX=/home/jay/ros2_ws/install/my_robot_description
[0.166s] Invoking command in '/home/jay/ros2_ws/build/my_robot_description': CMAKE_PREFIX_PATH=${CMAKE_PREFIX_PATH}:/home/jay/ros2_ws/install/my_py_pkg:/opt/ros/humble /usr/bin/cmake --build /home/jay/ros2_ws/build/my_robot_description -- -j24 -l24
[0.189s] Invoked command in '/home/jay/ros2_ws/build/my_robot_description' returned '0': CMAKE_PREFIX_PATH=${CMAKE_PREFIX_PATH}:/home/jay/ros2_ws/install/my_py_pkg:/opt/ros/humble /usr/bin/cmake --build /home/jay/ros2_ws/build/my_robot_description -- -j24 -l24
[0.206s] Invoking command in '/home/jay/ros2_ws/build/my_robot_description': CMAKE_PREFIX_PATH=${CMAKE_PREFIX_PATH}:/home/jay/ros2_ws/install/my_py_pkg:/opt/ros/humble /usr/bin/cmake --install /home/jay/ros2_ws/build/my_robot_description
[0.211s] -- Install configuration: ""
[0.211s] -- Execute custom install script
[0.211s] -- Up-to-date symlink: /home/jay/ros2_ws/install/my_robot_description/share/my_robot_description//urdf/common_properties.xacro
[0.211s] -- Up-to-date symlink: /home/jay/ros2_ws/install/my_robot_description/share/my_robot_description//urdf/mobile_base.xacro
[0.211s] -- Up-to-date symlink: /home/jay/ros2_ws/install/my_robot_description/share/my_robot_description//urdf/mobile_base_gazebo.xacro
[0.211s] -- Up-to-date symlink: /home/jay/ros2_ws/install/my_robot_description/share/my_robot_description//urdf/my_robot.urdf.xacro
[0.212s] -- Up-to-date symlink: /home/jay/ros2_ws/install/my_robot_description/share/my_robot_description//launch/display.launch.py
[0.212s] -- Up-to-date symlink: /home/jay/ros2_ws/install/my_robot_description/share/my_robot_description//launch/display.launch.xml
[0.212s] -- Up-to-date symlink: /home/jay/ros2_ws/install/my_robot_description/share/my_robot_description//rviz/urdf_config.rviz
[0.212s] -- Up-to-date symlink: /home/jay/ros2_ws/install/my_robot_description/share/ament_index/resource_index/package_run_dependencies/my_robot_description
[0.212s] -- Up-to-date symlink: /home/jay/ros2_ws/install/my_robot_description/share/ament_index/resource_index/parent_prefix_path/my_robot_description
[0.212s] -- Up-to-date symlink: /home/jay/ros2_ws/install/my_robot_description/share/my_robot_description/environment/ament_prefix_path.sh
[0.212s] -- Up-to-date symlink: /home/jay/ros2_ws/install/my_robot_description/share/my_robot_description/environment/ament_prefix_path.dsv
[0.212s] -- Up-to-date symlink: /home/jay/ros2_ws/install/my_robot_description/share/my_robot_description/environment/path.sh
[0.212s] -- Up-to-date symlink: /home/jay/ros2_ws/install/my_robot_description/share/my_robot_description/environment/path.dsv
[0.213s] -- Up-to-date symlink: /home/jay/ros2_ws/install/my_robot_description/share/my_robot_description/local_setup.bash
[0.213s] -- Up-to-date symlink: /home/jay/ros2_ws/install/my_robot_description/share/my_robot_description/local_setup.sh
[0.213s] -- Up-to-date symlink: /home/jay/ros2_ws/install/my_robot_description/share/my_robot_description/local_setup.zsh
[0.213s] -- Up-to-date symlink: /home/jay/ros2_ws/install/my_robot_description/share/my_robot_description/local_setup.dsv
[0.213s] -- Symlinking: /home/jay/ros2_ws/install/my_robot_description/share/my_robot_description/package.dsv
[0.219s] -- Up-to-date symlink: /home/jay/ros2_ws/install/my_robot_description/share/ament_index/resource_index/packages/my_robot_description
[0.219s] -- Up-to-date symlink: /home/jay/ros2_ws/install/my_robot_description/share/my_robot_description/cmake/my_robot_descriptionConfig.cmake
[0.219s] -- Up-to-date symlink: /home/jay/ros2_ws/install/my_robot_description/share/my_robot_description/cmake/my_robot_descriptionConfig-version.cmake
[0.219s] -- Up-to-date symlink: /home/jay/ros2_ws/install/my_robot_description/share/my_robot_description/package.xml
[0.220s] Invoked command in '/home/jay/ros2_ws/build/my_robot_description' returned '0': CMAKE_PREFIX_PATH=${CMAKE_PREFIX_PATH}:/home/jay/ros2_ws/install/my_py_pkg:/opt/ros/humble /usr/bin/cmake --install /home/jay/ros2_ws/build/my_robot_description
