[0.256s] Invoking command in '/home/jay/ros2_ws/build/my_py_pkg': PYTHONPATH=/home/jay/ros2_ws/build/my_py_pkg/prefix_override:/home/jay/ros2_ws/install/my_py_pkg/lib/python3.10/site-packages:${PYTHONPATH} /usr/bin/python3 -W ignore:setup.py install is deprecated setup.py develop --editable --build-directory /home/jay/ros2_ws/build/my_py_pkg/build --no-deps symlink_data --force
[0.354s] /usr/lib/python3/dist-packages/setuptools/dist.py:723: UserWarning: Usage of dash-separated 'script-dir' will not be supported in future versions. Please use the underscore name 'script_dir' instead
[0.354s]   warnings.warn(
[0.372s] running develop
[0.372s] /usr/lib/python3/dist-packages/setuptools/command/easy_install.py:158: EasyInstallDeprecationWarning: easy_install command is deprecated. Use build and pip and other standards-based tools.
[0.372s]   warnings.warn(
[0.431s] running egg_info
[0.431s] writing my_py_pkg.egg-info/PKG-INFO
[0.431s] writing dependency_links to my_py_pkg.egg-info/dependency_links.txt
[0.431s] writing entry points to my_py_pkg.egg-info/entry_points.txt
[0.431s] writing requirements to my_py_pkg.egg-info/requires.txt
[0.431s] writing top-level names to my_py_pkg.egg-info/top_level.txt
[0.432s] reading manifest file 'my_py_pkg.egg-info/SOURCES.txt'
[0.432s] writing manifest file 'my_py_pkg.egg-info/SOURCES.txt'
[0.433s] running build_ext
[0.433s] Creating /home/jay/ros2_ws/install/my_py_pkg/lib/python3.10/site-packages/my-py-pkg.egg-link (link to .)
[0.434s] Installing number_counter script to /home/jay/ros2_ws/install/my_py_pkg/lib/my_py_pkg
[0.434s] Installing number_publisher script to /home/jay/ros2_ws/install/my_py_pkg/lib/my_py_pkg
[0.434s] Installing py_node script to /home/jay/ros2_ws/install/my_py_pkg/lib/my_py_pkg
[0.434s] Installing robot_news_station script to /home/jay/ros2_ws/install/my_py_pkg/lib/my_py_pkg
[0.434s] Installing smartphone script to /home/jay/ros2_ws/install/my_py_pkg/lib/my_py_pkg
[0.434s] 
[0.434s] Installed /home/jay/ros2_ws/build/my_py_pkg
[0.434s] running symlink_data
[0.434s] symbolically linking /home/jay/ros2_ws/build/my_py_pkg/resource/my_py_pkg -> /home/jay/ros2_ws/install/my_py_pkg/share/ament_index/resource_index/packages
[0.434s] symbolically linking /home/jay/ros2_ws/build/my_py_pkg/package.xml -> /home/jay/ros2_ws/install/my_py_pkg/share/my_py_pkg
[0.446s] Invoked command in '/home/jay/ros2_ws/build/my_py_pkg' returned '0': PYTHONPATH=/home/jay/ros2_ws/build/my_py_pkg/prefix_override:/home/jay/ros2_ws/install/my_py_pkg/lib/python3.10/site-packages:${PYTHONPATH} /usr/bin/python3 -W ignore:setup.py install is deprecated setup.py develop --editable --build-directory /home/jay/ros2_ws/build/my_py_pkg/build --no-deps symlink_data --force
