[0.010s] Invoking command in '/home/jay/ros2_ws/build/Hector_Keyboard': CMAKE_PREFIX_PATH=${CMAKE_PREFIX_PATH}:/home/jay/ros2_ws/install/my_py_pkg:/opt/ros/humble /usr/bin/cmake /home/jay/ros2_ws/Hector/Hector_Keyboard -DCMAKE_INSTALL_PREFIX=/home/jay/ros2_ws/install/Hector_Keyboard
[0.069s] -- The C compiler identification is GNU 11.4.0
[0.119s] -- The CXX compiler identification is GNU 11.4.0
[0.126s] -- Detecting C compiler ABI info
[0.183s] -- Detecting C compiler ABI info - done
[0.190s] -- Check for working C compiler: /usr/bin/cc - skipped
[0.190s] -- Detecting C compile features
[0.190s] -- Detecting C compile features - done
[0.192s] -- Detecting CXX compiler ABI info
[0.255s] -- Detecting CXX compiler ABI info - done
[0.261s] -- Check for working CXX compiler: /usr/bin/c++ - skipped
[0.261s] -- Detecting CXX compile features
[0.262s] -- Detecting CXX compile features - done
[0.265s] -- Found ament_cmake: 1.3.8 (/opt/ros/humble/share/ament_cmake/cmake)
[0.381s] -- Found Python3: /usr/bin/python3 (found version "3.10.12") found components: Interpreter 
[0.454s] -- Found rclcpp: 16.0.8 (/opt/ros/humble/share/rclcpp/cmake)
[0.491s] -- Found rosidl_generator_c: 3.1.5 (/opt/ros/humble/share/rosidl_generator_c/cmake)
[0.495s] -- Found rosidl_adapter: 3.1.5 (/opt/ros/humble/share/rosidl_adapter/cmake)
[0.503s] -- Found rosidl_generator_cpp: 3.1.5 (/opt/ros/humble/share/rosidl_generator_cpp/cmake)
[0.515s] -- Using all available rosidl_typesupport_c: rosidl_typesupport_fastrtps_c;rosidl_typesupport_introspection_c
[0.531s] -- Using all available rosidl_typesupport_cpp: rosidl_typesupport_fastrtps_cpp;rosidl_typesupport_introspection_cpp
[0.608s] -- Found rmw_implementation_cmake: 6.1.1 (/opt/ros/humble/share/rmw_implementation_cmake/cmake)
[0.611s] -- Found rmw_fastrtps_cpp: 6.2.6 (/opt/ros/humble/share/rmw_fastrtps_cpp/cmake)
[0.688s] -- Found OpenSSL: /usr/lib/x86_64-linux-gnu/libcrypto.so (found version "3.0.2")  
[0.709s] -- Found FastRTPS: /opt/ros/humble/include  
[0.745s] -- Using RMW implementation 'rmw_fastrtps_cpp' as default
[0.753s] -- Looking for pthread.h
[0.803s] -- Looking for pthread.h - found
[0.803s] -- Performing Test CMAKE_HAVE_LIBC_PTHREAD
[0.855s] -- Performing Test CMAKE_HAVE_LIBC_PTHREAD - Success
[0.855s] -- Found Threads: TRUE  
[0.974s] -- Found ament_lint_auto: 0.12.10 (/opt/ros/humble/share/ament_lint_auto/cmake)
[1.011s] WARNING: Package name "Hector_Keyboard" does not follow the naming conventions. It should start with a lower case letter and only contain lower case letters, digits, underscores, and dashes.
[1.035s] -- Added test 'cppcheck' to perform static code analysis on C / C++ code
[1.035s] -- Configured cppcheck include dirs: 
[1.035s] -- Configured cppcheck exclude dirs and/or files: 
[1.035s] -- Added test 'lint_cmake' to check CMake code style
[1.036s] -- Added test 'uncrustify' to check C / C++ code style
[1.036s] -- Configured uncrustify additional arguments: 
[1.036s] -- Added test 'xmllint' to check XML markup files
[1.037s] -- Configuring done
[1.040s] -- Generating done
[1.041s] -- Build files have been written to: /home/jay/ros2_ws/build/Hector_Keyboard
[1.048s] Invoked command in '/home/jay/ros2_ws/build/Hector_Keyboard' returned '0': CMAKE_PREFIX_PATH=${CMAKE_PREFIX_PATH}:/home/jay/ros2_ws/install/my_py_pkg:/opt/ros/humble /usr/bin/cmake /home/jay/ros2_ws/Hector/Hector_Keyboard -DCMAKE_INSTALL_PREFIX=/home/jay/ros2_ws/install/Hector_Keyboard
[1.049s] Invoking command in '/home/jay/ros2_ws/build/Hector_Keyboard': CMAKE_PREFIX_PATH=${CMAKE_PREFIX_PATH}:/home/jay/ros2_ws/install/my_py_pkg:/opt/ros/humble /usr/bin/cmake --build /home/jay/ros2_ws/build/Hector_Keyboard -- -j24 -l24
[1.077s] Invoked command in '/home/jay/ros2_ws/build/Hector_Keyboard' returned '0': CMAKE_PREFIX_PATH=${CMAKE_PREFIX_PATH}:/home/jay/ros2_ws/install/my_py_pkg:/opt/ros/humble /usr/bin/cmake --build /home/jay/ros2_ws/build/Hector_Keyboard -- -j24 -l24
[1.098s] Invoking command in '/home/jay/ros2_ws/build/Hector_Keyboard': CMAKE_PREFIX_PATH=${CMAKE_PREFIX_PATH}:/home/jay/ros2_ws/install/my_py_pkg:/opt/ros/humble /usr/bin/cmake --install /home/jay/ros2_ws/build/Hector_Keyboard
[1.104s] -- Install configuration: ""
[1.104s] -- Installing: /home/jay/ros2_ws/install/Hector_Keyboard/share/ament_index/resource_index/package_run_dependencies/Hector_Keyboard
[1.104s] -- Installing: /home/jay/ros2_ws/install/Hector_Keyboard/share/ament_index/resource_index/parent_prefix_path/Hector_Keyboard
[1.104s] -- Installing: /home/jay/ros2_ws/install/Hector_Keyboard/share/Hector_Keyboard/environment/ament_prefix_path.sh
[1.104s] -- Installing: /home/jay/ros2_ws/install/Hector_Keyboard/share/Hector_Keyboard/environment/ament_prefix_path.dsv
[1.105s] -- Installing: /home/jay/ros2_ws/install/Hector_Keyboard/share/Hector_Keyboard/environment/path.sh
[1.105s] -- Installing: /home/jay/ros2_ws/install/Hector_Keyboard/share/Hector_Keyboard/environment/path.dsv
[1.105s] -- Installing: /home/jay/ros2_ws/install/Hector_Keyboard/share/Hector_Keyboard/local_setup.bash
[1.105s] -- Installing: /home/jay/ros2_ws/install/Hector_Keyboard/share/Hector_Keyboard/local_setup.sh
[1.105s] -- Installing: /home/jay/ros2_ws/install/Hector_Keyboard/share/Hector_Keyboard/local_setup.zsh
[1.105s] -- Installing: /home/jay/ros2_ws/install/Hector_Keyboard/share/Hector_Keyboard/local_setup.dsv
[1.105s] -- Installing: /home/jay/ros2_ws/install/Hector_Keyboard/share/Hector_Keyboard/package.dsv
[1.105s] -- Installing: /home/jay/ros2_ws/install/Hector_Keyboard/share/ament_index/resource_index/packages/Hector_Keyboard
[1.105s] -- Installing: /home/jay/ros2_ws/install/Hector_Keyboard/share/Hector_Keyboard/cmake/Hector_KeyboardConfig.cmake
[1.105s] -- Installing: /home/jay/ros2_ws/install/Hector_Keyboard/share/Hector_Keyboard/cmake/Hector_KeyboardConfig-version.cmake
[1.106s] -- Installing: /home/jay/ros2_ws/install/Hector_Keyboard/share/Hector_Keyboard/package.xml
[1.107s] Invoked command in '/home/jay/ros2_ws/build/Hector_Keyboard' returned '0': CMAKE_PREFIX_PATH=${CMAKE_PREFIX_PATH}:/home/jay/ros2_ws/install/my_py_pkg:/opt/ros/humble /usr/bin/cmake --install /home/jay/ros2_ws/build/Hector_Keyboard
