[0.254s] Invoking command in '/home/jay/ros2_ws/build/my_py_pkg': PYTHONPATH=/home/jay/ros2_ws/build/my_py_pkg/prefix_override:/home/jay/ros2_ws/install/my_py_pkg/lib/python3.10/site-packages:${PYTHONPATH} /usr/bin/python3 -W ignore:setup.py install is deprecated setup.py develop --editable --build-directory /home/jay/ros2_ws/build/my_py_pkg/build --no-deps symlink_data
[0.350s] /usr/lib/python3/dist-packages/setuptools/dist.py:723: UserWarning: Usage of dash-separated 'script-dir' will not be supported in future versions. Please use the underscore name 'script_dir' instead
[0.350s]   warnings.warn(
[0.367s] running develop
[0.367s] /usr/lib/python3/dist-packages/setuptools/command/easy_install.py:158: EasyInstallDeprecationWarning: easy_install command is deprecated. Use build and pip and other standards-based tools.
[0.367s]   warnings.warn(
[0.427s] running egg_info
[0.427s] writing my_py_pkg.egg-info/PKG-INFO
[0.427s] writing dependency_links to my_py_pkg.egg-info/dependency_links.txt
[0.427s] writing entry points to my_py_pkg.egg-info/entry_points.txt
[0.427s] writing requirements to my_py_pkg.egg-info/requires.txt
[0.427s] writing top-level names to my_py_pkg.egg-info/top_level.txt
[0.428s] reading manifest file 'my_py_pkg.egg-info/SOURCES.txt'
[0.428s] writing manifest file 'my_py_pkg.egg-info/SOURCES.txt'
[0.429s] running build_ext
[0.429s] Creating /home/jay/ros2_ws/install/my_py_pkg/lib/python3.10/site-packages/my-py-pkg.egg-link (link to .)
[0.429s] Installing number_counter script to /home/jay/ros2_ws/install/my_py_pkg/lib/my_py_pkg
[0.429s] Installing number_publisher script to /home/jay/ros2_ws/install/my_py_pkg/lib/my_py_pkg
[0.429s] Installing py_node script to /home/jay/ros2_ws/install/my_py_pkg/lib/my_py_pkg
[0.429s] Installing robot_news_station script to /home/jay/ros2_ws/install/my_py_pkg/lib/my_py_pkg
[0.429s] Installing smartphone script to /home/jay/ros2_ws/install/my_py_pkg/lib/my_py_pkg
[0.429s] 
[0.429s] Installed /home/jay/ros2_ws/build/my_py_pkg
[0.429s] running symlink_data
[0.441s] Invoked command in '/home/jay/ros2_ws/build/my_py_pkg' returned '0': PYTHONPATH=/home/jay/ros2_ws/build/my_py_pkg/prefix_override:/home/jay/ros2_ws/install/my_py_pkg/lib/python3.10/site-packages:${PYTHONPATH} /usr/bin/python3 -W ignore:setup.py install is deprecated setup.py develop --editable --build-directory /home/jay/ros2_ws/build/my_py_pkg/build --no-deps symlink_data
