[0.005s] Invoking command in '/home/jay/ros2_ws/build/my_cpp_pkg': CMAKE_PREFIX_PATH=${CMAKE_PREFIX_PATH}:/home/jay/ros2_ws/install/my_py_pkg:/opt/ros/humble /usr/bin/cmake --build /home/jay/ros2_ws/build/my_cpp_pkg -- -j24 -l24
[0.018s] -- Found ament_cmake: 1.3.8 (/opt/ros/humble/share/ament_cmake/cmake)
[0.083s] -- Found rclcpp: 16.0.8 (/opt/ros/humble/share/rclcpp/cmake)
[0.096s] -- Found rosidl_generator_c: 3.1.5 (/opt/ros/humble/share/rosidl_generator_c/cmake)
[0.097s] -- Found rosidl_adapter: 3.1.5 (/opt/ros/humble/share/rosidl_adapter/cmake)
[0.100s] -- Found rosidl_generator_cpp: 3.1.5 (/opt/ros/humble/share/rosidl_generator_cpp/cmake)
[0.106s] -- Using all available rosidl_typesupport_c: rosidl_typesupport_fastrtps_c;rosidl_typesupport_introspection_c
[0.113s] -- Using all available rosidl_typesupport_cpp: rosidl_typesupport_fastrtps_cpp;rosidl_typesupport_introspection_cpp
[0.142s] -- Found rmw_implementation_cmake: 6.1.1 (/opt/ros/humble/share/rmw_implementation_cmake/cmake)
[0.142s] -- Found rmw_fastrtps_cpp: 6.2.6 (/opt/ros/humble/share/rmw_fastrtps_cpp/cmake)
[0.199s] -- Using RMW implementation 'rmw_fastrtps_cpp' as default
[0.276s] -- Found example_interfaces: 0.9.3 (/opt/ros/humble/share/example_interfaces/cmake)
[0.377s] -- Configuring done
[0.387s] -- Generating done
[0.388s] -- Build files have been written to: /home/jay/ros2_ws/build/my_cpp_pkg
[0.401s] [35m[1mConsolidate compiler generated dependencies of target cpp_node[0m
[0.402s] [35m[1mConsolidate compiler generated dependencies of target robot_news_station[0m
[0.402s] [35m[1mConsolidate compiler generated dependencies of target smartphone[0m
[0.402s] [35m[1mConsolidate compiler generated dependencies of target add_two_ints_server[0m
[0.402s] [35m[1mConsolidate compiler generated dependencies of target add_two_ints_client_no_oop[0m
[0.408s] [  8%] [32mBuilding CXX object CMakeFiles/add_two_ints_client.dir/src/add_two_ints_client.cpp.o[0m
[0.411s] [ 41%] Built target robot_news_station
[0.411s] [ 41%] Built target cpp_node
[0.411s] [ 50%] [32mBuilding CXX object CMakeFiles/add_two_ints_client_no_oop.dir/src/add_two_ints_client_no_oop.cpp.o[0m
[0.411s] [ 66%] Built target smartphone
[0.411s] [ 83%] Built target add_two_ints_server
[1.530s] [01m[K/home/jay/ros2_ws/src/my_cpp_pkg/src/add_two_ints_client.cpp:[m[K In constructor ‘[01m[KAddTwoIntsClientNode::AddTwoIntsClientNode()[m[K’:
[1.530s] [01m[K/home/jay/ros2_ws/src/my_cpp_pkg/src/add_two_ints_client.cpp:10:5:[m[K [01;31m[Kerror: [m[Kexpected ‘[01m[K;[m[K’ before ‘[01m[K}[m[K’ token
[1.530s]    10 |     [01;31m[K}[m[K
[1.530s]       |     [01;31m[K^[m[K
[1.555s] [01m[K/home/jay/ros2_ws/src/my_cpp_pkg/src/add_two_ints_client.cpp:[m[K In member function ‘[01m[Kvoid AddTwoIntsClientNode::callAddTwoIntsService(int, int)[m[K’:
[1.555s] [01m[K/home/jay/ros2_ws/src/my_cpp_pkg/src/add_two_ints_client.cpp:21:9:[m[K [01;31m[Kerror: [m[Kexpected ‘[01m[K,[m[K’ or ‘[01m[K;[m[K’ before ‘[01m[Krequest[m[K’
[1.555s]    21 |         [01;31m[Krequest[m[K->a = a;
[1.555s]       |         [01;31m[K^~~~~~~[m[K
[1.556s] In file included from [01m[K/opt/ros/humble/include/rclcpp/rclcpp/logging.hpp:24[m[K,
[1.556s]                  from [01m[K/opt/ros/humble/include/rclcpp/rclcpp/client.hpp:40[m[K,
[1.556s]                  from [01m[K/opt/ros/humble/include/rclcpp/rclcpp/callback_group.hpp:24[m[K,
[1.556s]                  from [01m[K/opt/ros/humble/include/rclcpp/rclcpp/any_executable.hpp:20[m[K,
[1.556s]                  from [01m[K/opt/ros/humble/include/rclcpp/rclcpp/memory_strategy.hpp:25[m[K,
[1.556s]                  from [01m[K/opt/ros/humble/include/rclcpp/rclcpp/memory_strategies.hpp:18[m[K,
[1.556s]                  from [01m[K/opt/ros/humble/include/rclcpp/rclcpp/executor_options.hpp:20[m[K,
[1.556s]                  from [01m[K/opt/ros/humble/include/rclcpp/rclcpp/executor.hpp:37[m[K,
[1.556s]                  from [01m[K/opt/ros/humble/include/rclcpp/rclcpp/executors/multi_threaded_executor.hpp:25[m[K,
[1.556s]                  from [01m[K/opt/ros/humble/include/rclcpp/rclcpp/executors.hpp:21[m[K,
[1.557s]                  from [01m[K/opt/ros/humble/include/rclcpp/rclcpp/rclcpp.hpp:155[m[K,
[1.557s]                  from [01m[K/home/jay/ros2_ws/src/my_cpp_pkg/src/add_two_ints_client.cpp:1[m[K:
[1.557s] [01m[K/home/jay/ros2_ws/src/my_cpp_pkg/src/add_two_ints_client.cpp:29:45:[m[K [01;35m[Kwarning: [m[Kformat ‘[01m[K%d[m[K’ expects argument of type ‘[01m[Kint[m[K’, but argument 7 has type ‘[01m[Kexample_interfaces::srv::AddTwoInts_Response_<std::allocator<void> >::_sum_type[m[K’ {aka ‘[01m[Klong int[m[K’} [[01;35m[K]8;;https://gcc.gnu.org/onlinedocs/gcc/Warning-Options.html#index-Wformat=-Wformat=]8;;[m[K]
[1.557s]    29 |             RCLCPP_INFO(this->get_logger(), [01;35m[K"%d + %d = %d"[m[K, a, b, [32m[Kresponse->sum[m[K)
[1.557s]       |                                             [01;35m[K^~~~~~~~~~~~~~[m[K        [32m[K~~~~~~~~~~~~~[m[K
[1.557s]       |                                                                             [32m[K|[m[K
[1.557s]       |                                                                             [32m[Kexample_interfaces::srv::AddTwoInts_Response_<std::allocator<void> >::_sum_type {aka long int}[m[K
[1.557s] [01m[K/home/jay/ros2_ws/src/my_cpp_pkg/src/add_two_ints_client.cpp:29:57:[m[K [01;36m[Knote: [m[Kformat string is defined here
[1.557s]    29 |             RCLCPP_INFO(this->get_logger(), "%d + %d = [01;36m[K%d[m[K", a, b, response->sum)
[1.557s]       |                                                        [01;36m[K~^[m[K
[1.557s]       |                                                         [01;36m[K|[m[K
[1.557s]       |                                                         [01;36m[Kint[m[K
[1.557s]       |                                                        [32m[K%ld[m[K
[1.557s] [01m[K/home/jay/ros2_ws/src/my_cpp_pkg/src/add_two_ints_client.cpp:30:9:[m[K [01;31m[Kerror: [m[Kexpected ‘[01m[K;[m[K’ before ‘[01m[K}[m[K’ token
[1.557s]    30 |         [01;31m[K}[m[K
[1.557s]       |         [01;31m[K^[m[K
[1.557s] [01m[K/home/jay/ros2_ws/src/my_cpp_pkg/src/add_two_ints_client.cpp:31:25:[m[K [01;31m[Kerror: [m[Kfound ‘[01m[K:[m[K’ in nested-name-specifier, expected ‘[01m[K::[m[K’
[1.557s]    31 |         catch (const std[01;31m[K:[m[Kexception &e)
[1.557s]       |                         [01;31m[K^[m[K
[1.557s]       |                         [32m[K::[m[K
[1.557s] [01m[K/home/jay/ros2_ws/src/my_cpp_pkg/src/add_two_ints_client.cpp:34:9:[m[K [01;31m[Kerror: [m[Kexpected ‘[01m[K;[m[K’ before ‘[01m[K}[m[K’ token
[1.557s]    34 |         [01;31m[K}[m[K
[1.557s]       |         [01;31m[K^[m[K
[1.868s] gmake[2]: *** [CMakeFiles/add_two_ints_client.dir/build.make:76: CMakeFiles/add_two_ints_client.dir/src/add_two_ints_client.cpp.o] Error 1
[1.868s] gmake[1]: *** [CMakeFiles/Makefile2:277: CMakeFiles/add_two_ints_client.dir/all] Error 2
[1.868s] gmake[1]: *** Waiting for unfinished jobs....
[2.122s] [ 91%] [32m[1mLinking CXX executable add_two_ints_client_no_oop[0m
[2.203s] [ 91%] Built target add_two_ints_client_no_oop
[2.204s] gmake: *** [Makefile:146: all] Error 2
[2.205s] Invoked command in '/home/jay/ros2_ws/build/my_cpp_pkg' returned '2': CMAKE_PREFIX_PATH=${CMAKE_PREFIX_PATH}:/home/jay/ros2_ws/install/my_py_pkg:/opt/ros/humble /usr/bin/cmake --build /home/jay/ros2_ws/build/my_cpp_pkg -- -j24 -l24
