[0.156s] Invoking command in '/home/jay/ros2_ws/build/my_robot_description': CMAKE_PREFIX_PATH=${CMAKE_PREFIX_PATH}:/home/jay/ros2_ws/install/my_py_pkg:/opt/ros/humble /usr/bin/cmake --build /home/jay/ros2_ws/build/my_robot_description -- -j24 -l24
[0.173s] -- Found ament_cmake: 1.3.8 (/opt/ros/humble/share/ament_cmake/cmake)
[0.315s] -- Configuring done
[0.317s] -- Generating done
[0.318s] -- Build files have been written to: /home/jay/ros2_ws/build/my_robot_description
[0.336s] Invoked command in '/home/jay/ros2_ws/build/my_robot_description' returned '0': CMAKE_PREFIX_PATH=${CMAKE_PREFIX_PATH}:/home/jay/ros2_ws/install/my_py_pkg:/opt/ros/humble /usr/bin/cmake --build /home/jay/ros2_ws/build/my_robot_description -- -j24 -l24
[0.363s] Invoking command in '/home/jay/ros2_ws/build/my_robot_description': CMAKE_PREFIX_PATH=${CMAKE_PREFIX_PATH}:/home/jay/ros2_ws/install/my_py_pkg:/opt/ros/humble /usr/bin/cmake --install /home/jay/ros2_ws/build/my_robot_description
[0.370s] -- Install configuration: ""
[0.370s] -- Up-to-date: /home/jay/ros2_ws/install/my_robot_description/share/my_robot_description//urdf
[0.370s] -- Up-to-date: /home/jay/ros2_ws/install/my_robot_description/share/my_robot_description//urdf/my_robot.urdf
[0.370s] -- Installing: /home/jay/ros2_ws/install/my_robot_description/share/my_robot_description//launch
[0.370s] -- Installing: /home/jay/ros2_ws/install/my_robot_description/share/my_robot_description//launch/display.launch.xml
[0.370s] -- Up-to-date: /home/jay/ros2_ws/install/my_robot_description/share/ament_index/resource_index/package_run_dependencies/my_robot_description
[0.370s] -- Up-to-date: /home/jay/ros2_ws/install/my_robot_description/share/ament_index/resource_index/parent_prefix_path/my_robot_description
[0.370s] -- Up-to-date: /home/jay/ros2_ws/install/my_robot_description/share/my_robot_description/environment/ament_prefix_path.sh
[0.370s] -- Installing: /home/jay/ros2_ws/install/my_robot_description/share/my_robot_description/environment/ament_prefix_path.dsv
[0.370s] -- Up-to-date: /home/jay/ros2_ws/install/my_robot_description/share/my_robot_description/environment/path.sh
[0.370s] -- Installing: /home/jay/ros2_ws/install/my_robot_description/share/my_robot_description/environment/path.dsv
[0.370s] -- Up-to-date: /home/jay/ros2_ws/install/my_robot_description/share/my_robot_description/local_setup.bash
[0.370s] -- Up-to-date: /home/jay/ros2_ws/install/my_robot_description/share/my_robot_description/local_setup.sh
[0.370s] -- Up-to-date: /home/jay/ros2_ws/install/my_robot_description/share/my_robot_description/local_setup.zsh
[0.370s] -- Installing: /home/jay/ros2_ws/install/my_robot_description/share/my_robot_description/local_setup.dsv
[0.371s] -- Installing: /home/jay/ros2_ws/install/my_robot_description/share/my_robot_description/package.dsv
[0.371s] -- Up-to-date: /home/jay/ros2_ws/install/my_robot_description/share/ament_index/resource_index/packages/my_robot_description
[0.371s] -- Up-to-date: /home/jay/ros2_ws/install/my_robot_description/share/my_robot_description/cmake/my_robot_descriptionConfig.cmake
[0.371s] -- Up-to-date: /home/jay/ros2_ws/install/my_robot_description/share/my_robot_description/cmake/my_robot_descriptionConfig-version.cmake
[0.371s] -- Up-to-date: /home/jay/ros2_ws/install/my_robot_description/share/my_robot_description/package.xml
[0.372s] Invoked command in '/home/jay/ros2_ws/build/my_robot_description' returned '0': CMAKE_PREFIX_PATH=${CMAKE_PREFIX_PATH}:/home/jay/ros2_ws/install/my_py_pkg:/opt/ros/humble /usr/bin/cmake --install /home/jay/ros2_ws/build/my_robot_description
