[35m[1mConsolidate compiler generated dependencies of target add_two_ints_server[0m
[35m[1mConsolidate compiler generated dependencies of target add_two_ints_client[0m
[ 16%] Built target cpp_node
[ 33%] Built target smartphone
[ 50%] Built target robot_news_station
[ 66%] Built target add_two_ints_client_no_oop
[ 75%] [32mBuilding CXX object CMakeFiles/add_two_ints_server.dir/src/add_two_ints_server.cpp.o[0m
[ 83%] [32mBuilding CXX object CMakeFiles/add_two_ints_client.dir/src/add_two_ints_client.cpp.o[0m
[01m[K/home/jay/ros2_ws/src/my_cpp_pkg/src/add_two_ints_server.cpp:20:100:[m[K [01;31m[Kerror: [m[Kexpected ‘[01m[K;[m[K’ at end of member declaration
   20 |                             const example_interfaces::srv::AddTwoInts::Response::SharedPtr response[01;31m[K)[m[K
      |                                                                                                    [01;31m[K^[m[K
      |                                                                                                     [32m[K;[m[K
[01m[K/home/jay/ros2_ws/src/my_cpp_pkg/src/add_two_ints_client.cpp:[m[K In constructor ‘[01m[KAddTwoIntsClientNode::AddTwoIntsClientNode()[m[K’:
[01m[K/home/jay/ros2_ws/src/my_cpp_pkg/src/add_two_ints_client.cpp:9:9:[m[K [01;31m[Kerror: [m[K‘[01m[Kthreads[m[K’ was not declared in this scope; did you mean ‘[01m[Kthreads_[m[K’?
    9 |         [01;31m[Kthreads[m[K .push_back(std::thread(std::bind(&AddTwoIntsClientNode::callAddTwoIntsService, this, 1, 4)));
      |         [01;31m[K^~~~~~~[m[K
      |         [32m[Kthreads_[m[K
[01m[K/home/jay/ros2_ws/src/my_cpp_pkg/src/add_two_ints_server.cpp:23:5:[m[K [01;31m[Kerror: [m[Kexpected unqualified-id before ‘[01m[K{[m[K’ token
   23 |     [01;31m[K{[m[K
      |     [01;31m[K^[m[K
[01m[K/home/jay/ros2_ws/src/my_cpp_pkg/src/add_two_ints_server.cpp:28:69:[m[K [01;31m[Kerror: [m[Kredeclaration of ‘[01m[Krclcpp::Service<example_interfaces::srv::AddTwoInts>::SharedPtr AddTwoIntsServerNode::server_[m[K’
   28 |     rclcpp::Service<example_interfaces::srv::AddTwoInts>::SharedPtr [01;31m[Kserver_[m[K;
      |                                                                     [01;31m[K^~~~~~~[m[K
[01m[K/home/jay/ros2_ws/src/my_cpp_pkg/src/add_two_ints_server.cpp:22:73:[m[K [01;36m[Knote: [m[Kprevious declaration ‘[01m[Krclcpp::Service<example_interfaces::srv::AddTwoInts>::SharedPtr AddTwoIntsServerNode::server_[m[K’
   22 |         rclcpp::Service<example_interfaces::srv::AddTwoInts>::SharedPtr [01;36m[Kserver_[m[K;
      |                                                                         [01;36m[K^~~~~~~[m[K
In file included from [01m[K/opt/ros/humble/include/rclcpp/rclcpp/logging.hpp:24[m[K,
                 from [01m[K/opt/ros/humble/include/rclcpp/rclcpp/client.hpp:40[m[K,
                 from [01m[K/opt/ros/humble/include/rclcpp/rclcpp/callback_group.hpp:24[m[K,
                 from [01m[K/opt/ros/humble/include/rclcpp/rclcpp/any_executable.hpp:20[m[K,
                 from [01m[K/opt/ros/humble/include/rclcpp/rclcpp/memory_strategy.hpp:25[m[K,
                 from [01m[K/opt/ros/humble/include/rclcpp/rclcpp/memory_strategies.hpp:18[m[K,
                 from [01m[K/opt/ros/humble/include/rclcpp/rclcpp/executor_options.hpp:20[m[K,
                 from [01m[K/opt/ros/humble/include/rclcpp/rclcpp/executor.hpp:37[m[K,
                 from [01m[K/opt/ros/humble/include/rclcpp/rclcpp/executors/multi_threaded_executor.hpp:25[m[K,
                 from [01m[K/opt/ros/humble/include/rclcpp/rclcpp/executors.hpp:21[m[K,
                 from [01m[K/opt/ros/humble/include/rclcpp/rclcpp/rclcpp.hpp:155[m[K,
                 from [01m[K/home/jay/ros2_ws/src/my_cpp_pkg/src/add_two_ints_client.cpp:1[m[K:
[01m[K/home/jay/ros2_ws/src/my_cpp_pkg/src/add_two_ints_client.cpp:[m[K In member function ‘[01m[Kvoid AddTwoIntsClientNode::callAddTwoIntsService(int, int)[m[K’:
[01m[K/home/jay/ros2_ws/src/my_cpp_pkg/src/add_two_ints_client.cpp:30:45:[m[K [01;35m[Kwarning: [m[Kformat ‘[01m[K%d[m[K’ expects argument of type ‘[01m[Kint[m[K’, but argument 7 has type ‘[01m[Kexample_interfaces::srv::AddTwoInts_Response_<std::allocator<void> >::_sum_type[m[K’ {aka ‘[01m[Klong int[m[K’} [[01;35m[K]8;;https://gcc.gnu.org/onlinedocs/gcc/Warning-Options.html#index-Wformat=-Wformat=]8;;[m[K]
   30 |             RCLCPP_INFO(this->get_logger(), [01;35m[K"%d + %d = %d"[m[K, a, b, [32m[Kresponse->sum[m[K);
      |                                             [01;35m[K^~~~~~~~~~~~~~[m[K        [32m[K~~~~~~~~~~~~~[m[K
      |                                                                             [32m[K|[m[K
      |                                                                             [32m[Kexample_interfaces::srv::AddTwoInts_Response_<std::allocator<void> >::_sum_type {aka long int}[m[K
[01m[K/home/jay/ros2_ws/src/my_cpp_pkg/src/add_two_ints_client.cpp:30:57:[m[K [01;36m[Knote: [m[Kformat string is defined here
   30 |             RCLCPP_INFO(this->get_logger(), "%d + %d = [01;36m[K%d[m[K", a, b, response->sum);
      |                                                        [01;36m[K~^[m[K
      |                                                         [01;36m[K|[m[K
      |                                                         [01;36m[Kint[m[K
      |                                                        [32m[K%ld[m[K
gmake[2]: *** [CMakeFiles/add_two_ints_server.dir/build.make:76: CMakeFiles/add_two_ints_server.dir/src/add_two_ints_server.cpp.o] Error 1
gmake[1]: *** [CMakeFiles/Makefile2:225: CMakeFiles/add_two_ints_server.dir/all] Error 2
gmake[1]: *** Waiting for unfinished jobs....
gmake[2]: *** [CMakeFiles/add_two_ints_client.dir/build.make:76: CMakeFiles/add_two_ints_client.dir/src/add_two_ints_client.cpp.o] Error 1
gmake[1]: *** [CMakeFiles/Makefile2:277: CMakeFiles/add_two_ints_client.dir/all] Error 2
gmake: *** [Makefile:146: all] Error 2
